<?xml version="1.0" encoding="UTF-8"?>
<testsuite xmlns:xsi="http://www.w3.org/2001/XMLSchema-instance" xsi:noNamespaceSchemaLocation="https://maven.apache.org/surefire/maven-surefire-plugin/xsd/surefire-test-report-3.0.xsd" version="3.0" name="br.com.project.petconnect.PetconnectApplicationTests" time="10.222" tests="1" errors="0" skipped="0" failures="0">
  <properties>
[...]
</properties>
  <testcase name="contextLoads" classname="br.com.project.petconnect.PetconnectApplicationTests" time="0.882">
    <system-out><![CDATA[14:37:24.393 [main] INFO org.springframework.test.context.support.AnnotationConfigContextLoaderUtils -- Could not detect default configuration classes for test class [br.com.project.petconnect.PetconnectApplicationTests]: PetconnectApplicationTests does not declare any static, non-private, non-final, nested classes annotated with @Configuration.
14:37:24.562 [main] INFO org.springframework.boot.test.context.SpringBootTestContextBootstrapper -- Found @SpringBootConfiguration br.com.project.petconnect.PetconnectApplication for test class br.com.project.petconnect.PetconnectApplicationTests
14:37:24.757 [main] INFO org.springframework.boot.devtools.restart.RestartApplicationListener -- Restart disabled due to context in which it is running
2024-05-22T14:37:25.032-03:00 DEBUG 10488 --- [petconnect] [           main] o.s.c.e.PropertySourcesPropertyResolver  : Found key 'info.app.name' in PropertySource 'configurationProperties' with value of type String
2024-05-22T14:37:25.038-03:00 DEBUG 10488 --- [petconnect] [           main] o.s.c.e.PropertySourcesPropertyResolver  : Found key 'info.app.version' in PropertySource 'configurationProperties' with value of type String
2024-05-22T14:37:25.038-03:00 DEBUG 10488 --- [petconnect] [           main] o.s.c.e.PropertySourcesPropertyResolver  : Found key 'info.app.description' in PropertySource 'configurationProperties' with value of type String
2024-05-22T14:37:25.038-03:00 DEBUG 10488 --- [petconnect] [           main] o.s.c.e.PropertySourcesPropertyResolver  : Found key 'info.app.groupId' in PropertySource 'Config resource 'class path resource [application.yaml]' via location 'optional:classpath:/'' with value of type String
2024-05-22T14:37:25.039-03:00 DEBUG 10488 --- [petconnect] [           main] o.s.c.e.PropertySourcesPropertyResolver  : Found key 'user.name' in PropertySource 'configurationProperties' with value of type String
==============================================================================
PetConnect - Conectando você ao seu animal de estimação!
==============================================================================

* Nome: petconnect
* Versão: 0.0.1-SNAPSHOT
* Descrição: PetConnect
* Diretório raiz: br.com.project
* Usuário: juliane.maran

==============================================================================
Acesse o PetConnect e faça parte da comunidade!
==============================================================================
2024-05-22T14:37:25.088-03:00  INFO 10488 --- [petconnect] [           main] b.c.p.p.PetconnectApplicationTests       : Starting PetconnectApplicationTests using Java 21.0.2 with PID 10488 (started by juliane.maran in C:\Users\juliane.maran\Desktop\my-project\PetConnect\backend\backend\petconnect)
2024-05-22T14:37:25.089-03:00 DEBUG 10488 --- [petconnect] [           main] b.c.p.p.PetconnectApplicationTests       : Running with Spring Boot v3.2.5, Spring v6.1.6
2024-05-22T14:37:25.090-03:00  INFO 10488 --- [petconnect] [           main] b.c.p.p.PetconnectApplicationTests       : No active profile set, falling back to 1 default profile: "default"
2024-05-22T14:37:25.090-03:00 DEBUG 10488 --- [petconnect] [           main] o.s.boot.SpringApplication               : Loading source class br.com.project.petconnect.PetconnectApplication
2024-05-22T14:37:25.140-03:00 DEBUG 10488 --- [petconnect] [           main] o.s.w.c.s.GenericWebApplicationContext   : Refreshing org.springframework.web.context.support.GenericWebApplicationContext@7de4a01f
2024-05-22T14:37:25.168-03:00 DEBUG 10488 --- [petconnect] [           main] o.s.b.f.s.DefaultListableBeanFactory     : Creating shared instance of singleton bean 'org.springframework.context.annotation.internalConfigurationAnnotationProcessor'
2024-05-22T14:37:25.187-03:00 DEBUG 10488 --- [petconnect] [           main] o.s.b.f.s.DefaultListableBeanFactory     : Creating shared instance of singleton bean 'org.springframework.boot.autoconfigure.internalCachingMetadataReaderFactory'
2024-05-22T14:37:25.269-03:00 DEBUG 10488 --- [petconnect] [           main] o.s.c.a.ClassPathBeanDefinitionScanner   : Identified candidate component class: file [C:\Users\juliane.maran\Desktop\my-project\PetConnect\backend\backend\petconnect\target\classes\br\com\project\petconnect\app\owner\controller\OwnerController.class]
2024-05-22T14:37:25.304-03:00 DEBUG 10488 --- [petconnect] [           main] o.s.c.a.ClassPathBeanDefinitionScanner   : Identified candidate component class: file [C:\Users\juliane.maran\Desktop\my-project\PetConnect\backend\backend\petconnect\target\classes\br\com\project\petconnect\app\owner\mapping\OwnerMapperImpl.class]
2024-05-22T14:37:25.311-03:00 DEBUG 10488 --- [petconnect] [           main] o.s.c.a.ClassPathBeanDefinitionScanner   : Identified candidate component class: file [C:\Users\juliane.maran\Desktop\my-project\PetConnect\backend\backend\petconnect\target\classes\br\com\project\petconnect\app\owner\service\OwnerService.class]
2024-05-22T14:37:25.315-03:00 DEBUG 10488 --- [petconnect] [           main] o.s.c.a.ClassPathBeanDefinitionScanner   : Identified candidate component class: file [C:\Users\juliane.maran\Desktop\my-project\PetConnect\backend\backend\petconnect\target\classes\br\com\project\petconnect\app\petshop\controller\PetShopController.class]
2024-05-22T14:37:25.342-03:00 DEBUG 10488 --- [petconnect] [           main] o.s.c.a.ClassPathBeanDefinitionScanner   : Identified candidate component class: file [C:\Users\juliane.maran\Desktop\my-project\PetConnect\backend\backend\petconnect\target\classes\br\com\project\petconnect\app\petshop\mapping\PetShopMapperImpl.class]
2024-05-22T14:37:25.346-03:00 DEBUG 10488 --- [petconnect] [           main] o.s.c.a.ClassPathBeanDefinitionScanner   : Identified candidate component class: file [C:\Users\juliane.maran\Desktop\my-project\PetConnect\backend\backend\petconnect\target\classes\br\com\project\petconnect\app\petshop\service\PetShopService.class]
2024-05-22T14:37:25.352-03:00 DEBUG 10488 --- [petconnect] [           main] o.s.c.a.ClassPathBeanDefinitionScanner   : Identified candidate component class: file [C:\Users\juliane.maran\Desktop\my-project\PetConnect\backend\backend\petconnect\target\classes\br\com\project\petconnect\app\pet\controller\PetController.class]
2024-05-22T14:37:25.380-03:00 DEBUG 10488 --- [petconnect] [           main] o.s.c.a.ClassPathBeanDefinitionScanner   : Identified candidate component class: file [C:\Users\juliane.maran\Desktop\my-project\PetConnect\backend\backend\petconnect\target\classes\br\com\project\petconnect\app\pet\mapping\PetMapperImpl.class]
2024-05-22T14:37:25.386-03:00 DEBUG 10488 --- [petconnect] [           main] o.s.c.a.ClassPathBeanDefinitionScanner   : Identified candidate component class: file [C:\Users\juliane.maran\Desktop\my-project\PetConnect\backend\backend\petconnect\target\classes\br\com\project\petconnect\app\pet\service\PetService.class]
2024-05-22T14:37:25.388-03:00 DEBUG 10488 --- [petconnect] [           main] o.s.c.a.ClassPathBeanDefinitionScanner   : Identified candidate component class: file [C:\Users\juliane.maran\Desktop\my-project\PetConnect\backend\backend\petconnect\target\classes\br\com\project\petconnect\app\scheduling\controller\SchedulingController.class]
2024-05-22T14:37:25.408-03:00 DEBUG 10488 --- [petconnect] [           main] o.s.c.a.ClassPathBeanDefinitionScanner   : Identified candidate component class: file [C:\Users\juliane.maran\Desktop\my-project\PetConnect\backend\backend\petconnect\target\classes\br\com\project\petconnect\app\scheduling\mapping\SchedulingMapperImpl.class]
2024-05-22T14:37:25.412-03:00 DEBUG 10488 --- [petconnect] [           main] o.s.c.a.ClassPathBeanDefinitionScanner   : Identified candidate component class: file [C:\Users\juliane.maran\Desktop\my-project\PetConnect\backend\backend\petconnect\target\classes\br\com\project\petconnect\app\scheduling\service\SchedulingService.class]
2024-05-22T14:37:25.417-03:00 DEBUG 10488 --- [petconnect] [           main] o.s.c.a.ClassPathBeanDefinitionScanner   : Identified candidate component class: file [C:\Users\juliane.maran\Desktop\my-project\PetConnect\backend\backend\petconnect\target\classes\br\com\project\petconnect\app\user\controller\UserController.class]
2024-05-22T14:37:25.482-03:00 DEBUG 10488 --- [petconnect] [           main] o.s.c.a.ClassPathBeanDefinitionScanner   : Identified candidate component class: file [C:\Users\juliane.maran\Desktop\my-project\PetConnect\backend\backend\petconnect\target\classes\br\com\project\petconnect\app\user\mapping\UserMapperImpl.class]
2024-05-22T14:37:25.488-03:00 DEBUG 10488 --- [petconnect] [           main] o.s.c.a.ClassPathBeanDefinitionScanner   : Identified candidate component class: file [C:\Users\juliane.maran\Desktop\my-project\PetConnect\backend\backend\petconnect\target\classes\br\com\project\petconnect\app\user\service\PasswordValidator.class]
2024-05-22T14:37:25.491-03:00 DEBUG 10488 --- [petconnect] [           main] o.s.c.a.ClassPathBeanDefinitionScanner   : Identified candidate component class: file [C:\Users\juliane.maran\Desktop\my-project\PetConnect\backend\backend\petconnect\target\classes\br\com\project\petconnect\app\user\service\UserService.class]
2024-05-22T14:37:25.494-03:00 DEBUG 10488 --- [petconnect] [           main] o.s.c.a.ClassPathBeanDefinitionScanner   : Identified candidate component class: file [C:\Users\juliane.maran\Desktop\my-project\PetConnect\backend\backend\petconnect\target\classes\br\com\project\petconnect\app\user\service\UserValidator.class]
2024-05-22T14:37:25.523-03:00 DEBUG 10488 --- [petconnect] [           main] o.s.c.a.ClassPathBeanDefinitionScanner   : Identified candidate component class: file [C:\Users\juliane.maran\Desktop\my-project\PetConnect\backend\backend\petconnect\target\classes\br\com\project\petconnect\core\exceptions\handler\GlobalExceptionHandler.class]
2024-05-22T14:37:25.553-03:00 DEBUG 10488 --- [petconnect] [           main] o.s.c.a.ClassPathBeanDefinitionScanner   : Identified candidate component class: file [C:\Users\juliane.maran\Desktop\my-project\PetConnect\backend\backend\petconnect\target\classes\br\com\project\petconnect\core\security\config\PetConnectAuthenticationProvider.class]
2024-05-22T14:37:25.560-03:00 DEBUG 10488 --- [petconnect] [           main] o.s.c.a.ClassPathBeanDefinitionScanner   : Identified candidate component class: file [C:\Users\juliane.maran\Desktop\my-project\PetConnect\backend\backend\petconnect\target\classes\br\com\project\petconnect\core\security\config\PetConnectSecurityConfig.class]
2024-05-22T14:37:25.565-03:00 DEBUG 10488 --- [petconnect] [           main] o.s.c.a.ClassPathBeanDefinitionScanner   : Identified candidate component class: file [C:\Users\juliane.maran\Desktop\my-project\PetConnect\backend\backend\petconnect\target\classes\br\com\project\petconnect\core\security\controller\LoginController.class]
2024-05-22T14:37:25.589-03:00 DEBUG 10488 --- [petconnect] [           main] o.s.c.a.ClassPathBeanDefinitionScanner   : Identified candidate component class: file [C:\Users\juliane.maran\Desktop\my-project\PetConnect\backend\backend\petconnect\target\classes\br\com\project\petconnect\core\security\manager\CustomAuthenticationManager.class]
2024-05-22T14:37:26.698-03:00  INFO 10488 --- [petconnect] [           main] .s.d.r.c.RepositoryConfigurationDelegate : Bootstrapping Spring Data JPA repositories in DEFAULT mode.
2024-05-22T14:37:26.707-03:00 DEBUG 10488 --- [petconnect] [           main] o.s.b.f.s.DefaultListableBeanFactory     : Creating shared instance of singleton bean 'org.springframework.boot.autoconfigure.AutoConfigurationPackages'
2024-05-22T14:37:26.716-03:00 DEBUG 10488 --- [petconnect] [           main] o.s.b.a.AutoConfigurationPackages        : @EnableAutoConfiguration was declared on a class in the package 'br.com.project.petconnect'. Automatic @Repository and @Entity scanning is enabled.
2024-05-22T14:37:26.718-03:00 DEBUG 10488 --- [petconnect] [           main] .s.d.r.c.RepositoryConfigurationDelegate : Scanning for JPA repositories in packages br.com.project.petconnect.
2024-05-22T14:37:26.753-03:00 DEBUG 10488 --- [petconnect] [           main] o.s.d.r.c.RepositoryComponentProvider    : Identified candidate component class: file [C:\Users\juliane.maran\Desktop\my-project\PetConnect\backend\backend\petconnect\target\classes\br\com\project\petconnect\app\owner\repository\OwnerRepository.class]
2024-05-22T14:37:26.755-03:00 DEBUG 10488 --- [petconnect] [           main] o.s.d.r.c.RepositoryComponentProvider    : Identified candidate component class: file [C:\Users\juliane.maran\Desktop\my-project\PetConnect\backend\backend\petconnect\target\classes\br\com\project\petconnect\app\petshop\repository\PetShopRepository.class]
2024-05-22T14:37:26.756-03:00 DEBUG 10488 --- [petconnect] [           main] o.s.d.r.c.RepositoryComponentProvider    : Identified candidate component class: file [C:\Users\juliane.maran\Desktop\my-project\PetConnect\backend\backend\petconnect\target\classes\br\com\project\petconnect\app\pet\repository\PetRepository.class]
2024-05-22T14:37:26.758-03:00 DEBUG 10488 --- [petconnect] [           main] o.s.d.r.c.RepositoryComponentProvider    : Identified candidate component class: file [C:\Users\juliane.maran\Desktop\my-project\PetConnect\backend\backend\petconnect\target\classes\br\com\project\petconnect\app\scheduling\repository\SchedulingRepository.class]
2024-05-22T14:37:26.759-03:00 DEBUG 10488 --- [petconnect] [           main] o.s.d.r.c.RepositoryComponentProvider    : Identified candidate component class: file [C:\Users\juliane.maran\Desktop\my-project\PetConnect\backend\backend\petconnect\target\classes\br\com\project\petconnect\app\user\repository\UserRepository.class]
2024-05-22T14:37:26.818-03:00 DEBUG 10488 --- [petconnect] [           main] ssPathScanningCandidateComponentProvider : Identified candidate component class: file [C:\Users\juliane.maran\Desktop\my-project\PetConnect\backend\backend\petconnect\target\classes\br\com\project\petconnect\app\owner\mapping\OwnerMapperImpl.class]
2024-05-22T14:37:26.818-03:00 DEBUG 10488 --- [petconnect] [           main] ssPathScanningCandidateComponentProvider : Identified candidate component class: file [C:\Users\juliane.maran\Desktop\my-project\PetConnect\backend\backend\petconnect\target\classes\br\com\project\petconnect\app\petshop\mapping\PetShopMapperImpl.class]
2024-05-22T14:37:26.818-03:00 DEBUG 10488 --- [petconnect] [           main] ssPathScanningCandidateComponentProvider : Identified candidate component class: file [C:\Users\juliane.maran\Desktop\my-project\PetConnect\backend\backend\petconnect\target\classes\br\com\project\petconnect\app\pet\mapping\PetMapperImpl.class]
2024-05-22T14:37:26.819-03:00 DEBUG 10488 --- [petconnect] [           main] ssPathScanningCandidateComponentProvider : Identified candidate component class: file [C:\Users\juliane.maran\Desktop\my-project\PetConnect\backend\backend\petconnect\target\classes\br\com\project\petconnect\app\scheduling\mapping\SchedulingMapperImpl.class]
2024-05-22T14:37:26.819-03:00 DEBUG 10488 --- [petconnect] [           main] ssPathScanningCandidateComponentProvider : Identified candidate component class: file [C:\Users\juliane.maran\Desktop\my-project\PetConnect\backend\backend\petconnect\target\classes\br\com\project\petconnect\app\user\mapping\UserMapperImpl.class]
2024-05-22T14:37:26.844-03:00  INFO 10488 --- [petconnect] [           main] .s.d.r.c.RepositoryConfigurationDelegate : Finished Spring Data repository scanning in 123 ms. Found 5 JPA repository interfaces.
2024-05-22T14:37:26.958-03:00 DEBUG 10488 --- [petconnect] [           main] o.s.b.f.s.DefaultListableBeanFactory     : Creating shared instance of singleton bean 'springSecurityHandlerMappingIntrospectorBeanDefinitionRegistryPostProcessor'
2024-05-22T14:37:27.079-03:00 DEBUG 10488 --- [petconnect] [           main] o.s.b.f.s.DefaultListableBeanFactory     : Creating shared instance of singleton bean 'propertySourcesPlaceholderConfigurer'
2024-05-22T14:37:27.084-03:00 DEBUG 10488 --- [petconnect] [           main] o.s.b.f.s.DefaultListableBeanFactory     : Creating shared instance of singleton bean 'org.springframework.boot.test.mock.mockito.MockitoPostProcessor'
2024-05-22T14:37:27.086-03:00 DEBUG 10488 --- [petconnect] [           main] o.s.b.f.s.DefaultListableBeanFactory     : Creating shared instance of singleton bean 'emBeanDefinitionRegistrarPostProcessor'
2024-05-22T14:37:27.087-03:00 DEBUG 10488 --- [petconnect] [           main] o.s.b.f.s.DefaultListableBeanFactory     : Creating shared instance of singleton bean 'org.springframework.boot.sql.init.dependency.DatabaseInitializationDependencyConfigurer$DependsOnDatabaseInitializationPostProcessor'
2024-05-22T14:37:27.182-03:00 DEBUG 10488 --- [petconnect] [           main] o.s.b.f.s.DefaultListableBeanFactory     : Creating shared instance of singleton bean 'org.springframework.context.event.internalEventListenerProcessor'
2024-05-22T14:37:27.184-03:00 DEBUG 10488 --- [petconnect] [           main] o.s.b.f.s.DefaultListableBeanFactory     : Creating shared instance of singleton bean 'preserveErrorControllerTargetClassPostProcessor'
2024-05-22T14:37:27.185-03:00 DEBUG 10488 --- [petconnect] [           main] o.s.b.f.s.DefaultListableBeanFactory     : Creating shared instance of singleton bean 'conversionServicePostProcessor'
2024-05-22T14:37:27.201-03:00 DEBUG 10488 --- [petconnect] [           main] o.s.b.f.s.DefaultListableBeanFactory     : Creating shared instance of singleton bean 'org.springframework.context.event.internalEventListenerFactory'
2024-05-22T14:37:27.202-03:00 DEBUG 10488 --- [petconnect] [           main] o.s.b.f.s.DefaultListableBeanFactory     : Creating shared instance of singleton bean 'org.springframework.transaction.config.internalTransactionalEventListenerFactory'
2024-05-22T14:37:27.208-03:00 DEBUG 10488 --- [petconnect] [           main] o.s.b.f.s.DefaultListableBeanFactory     : Creating shared instance of singleton bean 'org.springframework.boot.test.mock.mockito.MockitoPostProcessor$SpyPostProcessor'
2024-05-22T14:37:27.210-03:00 DEBUG 10488 --- [petconnect] [           main] o.s.b.f.s.DefaultListableBeanFactory     : Creating shared instance of singleton bean 'org.springframework.context.annotation.internalAutowiredAnnotationProcessor'
2024-05-22T14:37:27.212-03:00 DEBUG 10488 --- [petconnect] [           main] o.s.b.f.s.DefaultListableBeanFactory     : Creating shared instance of singleton bean 'org.springframework.context.annotation.internalCommonAnnotationProcessor'
2024-05-22T14:37:27.218-03:00 DEBUG 10488 --- [petconnect] [           main] o.s.b.f.s.DefaultListableBeanFactory     : Creating shared instance of singleton bean 'org.springframework.context.annotation.internalPersistenceAnnotationProcessor'
2024-05-22T14:37:27.219-03:00 DEBUG 10488 --- [petconnect] [           main] o.s.b.f.s.DefaultListableBeanFactory     : Creating shared instance of singleton bean 'org.springframework.boot.context.properties.ConfigurationPropertiesBindingPostProcessor'
2024-05-22T14:37:27.219-03:00 DEBUG 10488 --- [petconnect] [           main] o.s.b.f.s.DefaultListableBeanFactory     : Creating shared instance of singleton bean 'org.springframework.boot.context.internalConfigurationPropertiesBinder'
2024-05-22T14:37:27.222-03:00 DEBUG 10488 --- [petconnect] [           main] o.s.b.f.s.DefaultListableBeanFactory     : Creating shared instance of singleton bean 'jdbcConnectionDetailsHikariBeanPostProcessor'
2024-05-22T14:37:27.228-03:00 DEBUG 10488 --- [petconnect] [           main] o.s.b.f.s.DefaultListableBeanFactory     : Creating shared instance of singleton bean 'methodValidationPostProcessor'
2024-05-22T14:37:27.255-03:00 DEBUG 10488 --- [petconnect] [           main] o.s.b.f.s.DefaultListableBeanFactory     : Autowiring by type from bean name 'methodValidationPostProcessor' via factory method to bean named 'environment'
2024-05-22T14:37:27.260-03:00 DEBUG 10488 --- [petconnect] [           main] o.s.b.f.s.DefaultListableBeanFactory     : Creating shared instance of singleton bean 'org.springframework.boot.context.properties.EnableConfigurationPropertiesRegistrar.methodValidationExcludeFilter'
2024-05-22T14:37:27.290-03:00 DEBUG 10488 --- [petconnect] [           main] o.s.b.f.s.DefaultListableBeanFactory     : Creating shared instance of singleton bean 'org.springframework.aop.config.internalAutoProxyCreator'
2024-05-22T14:37:27.324-03:00 DEBUG 10488 --- [petconnect] [           main] o.s.b.f.s.DefaultListableBeanFactory     : Creating shared instance of singleton bean 'persistenceExceptionTranslationPostProcessor'
2024-05-22T14:37:27.326-03:00 DEBUG 10488 --- [petconnect] [           main] o.s.b.f.s.DefaultListableBeanFactory     : Autowiring by type from bean name 'persistenceExceptionTranslationPostProcessor' via factory method to bean named 'environment'
2024-05-22T14:37:27.329-03:00 DEBUG 10488 --- [petconnect] [           main] o.s.b.f.s.DefaultListableBeanFactory     : Creating shared instance of singleton bean 'webServerFactoryCustomizerBeanPostProcessor'
2024-05-22T14:37:27.331-03:00 DEBUG 10488 --- [petconnect] [           main] o.s.b.f.s.DefaultListableBeanFactory     : Creating shared instance of singleton bean 'errorPageRegistrarBeanPostProcessor'
2024-05-22T14:37:27.333-03:00 DEBUG 10488 --- [petconnect] [           main] o.s.b.f.s.DefaultListableBeanFactory     : Creating shared instance of singleton bean 'healthEndpointGroupsBeanPostProcessor'
2024-05-22T14:37:27.335-03:00 DEBUG 10488 --- [petconnect] [           main] o.s.b.f.s.DefaultListableBeanFactory     : Creating shared instance of singleton bean 'org.springframework.transaction.config.internalTransactionAdvisor'
2024-05-22T14:37:27.336-03:00 DEBUG 10488 --- [petconnect] [           main] o.s.b.f.s.DefaultListableBeanFactory     : Creating shared instance of singleton bean 'org.springframework.transaction.annotation.ProxyTransactionManagementConfiguration'
2024-05-22T14:37:27.431-03:00 DEBUG 10488 --- [petconnect] [           main] .s.a.a.a.ReflectiveAspectJAdvisorFactory : Found AspectJ method: public java.lang.Object io.micrometer.observation.aop.ObservedAspect.observeClass(org.aspectj.lang.ProceedingJoinPoint) throws java.lang.Throwable
2024-05-22T14:37:27.433-03:00 DEBUG 10488 --- [petconnect] [           main] .s.a.a.a.ReflectiveAspectJAdvisorFactory : Found AspectJ method: public java.lang.Object io.micrometer.observation.aop.ObservedAspect.observeMethod(org.aspectj.lang.ProceedingJoinPoint) throws java.lang.Throwable
2024-05-22T14:37:27.722-03:00 DEBUG 10488 --- [petconnect] [           main] o.s.b.f.s.DefaultListableBeanFactory     : Creating shared instance of singleton bean 'transactionAttributeSource'
2024-05-22T14:37:27.733-03:00 DEBUG 10488 --- [petconnect] [           main] o.s.b.f.s.DefaultListableBeanFactory     : Creating shared instance of singleton bean 'transactionInterceptor'
2024-05-22T14:37:27.735-03:00 DEBUG 10488 --- [petconnect] [           main] o.s.b.f.s.DefaultListableBeanFactory     : Autowiring by type from bean name 'transactionInterceptor' via factory method to bean named 'transactionAttributeSource'
2024-05-22T14:37:27.743-03:00 DEBUG 10488 --- [petconnect] [           main] o.s.b.f.s.DefaultListableBeanFactory     : Autowiring by type from bean name 'org.springframework.transaction.config.internalTransactionAdvisor' via factory method to bean named 'transactionAttributeSource'
2024-05-22T14:37:27.743-03:00 DEBUG 10488 --- [petconnect] [           main] o.s.b.f.s.DefaultListableBeanFactory     : Autowiring by type from bean name 'org.springframework.transaction.config.internalTransactionAdvisor' via factory method to bean named 'transactionInterceptor'
2024-05-22T14:37:27.753-03:00 DEBUG 10488 --- [petconnect] [           main] o.s.b.f.s.DefaultListableBeanFactory     : Creating shared instance of singleton bean 'meterRegistryPostProcessor'
2024-05-22T14:37:27.756-03:00 DEBUG 10488 --- [petconnect] [           main] o.s.b.f.s.DefaultListableBeanFactory     : Autowiring by type from bean name 'meterRegistryPostProcessor' via factory method to bean named 'org.springframework.web.context.support.GenericWebApplicationContext@7de4a01f'
2024-05-22T14:37:27.775-03:00 DEBUG 10488 --- [petconnect] [           main] o.s.b.f.s.DefaultListableBeanFactory     : Creating shared instance of singleton bean 'metricsRepositoryMethodInvocationListenerBeanPostProcessor'
2024-05-22T14:37:27.782-03:00 DEBUG 10488 --- [petconnect] [           main] o.s.b.f.s.DefaultListableBeanFactory     : Creating shared instance of singleton bean 'observationRegistryPostProcessor'
2024-05-22T14:37:27.790-03:00 DEBUG 10488 --- [petconnect] [           main] o.s.b.f.s.DefaultListableBeanFactory     : Creating shared instance of singleton bean 'projectingArgumentResolverBeanPostProcessor'
2024-05-22T14:37:27.826-03:00 DEBUG 10488 --- [petconnect] [           main] o.s.u.c.s.UiApplicationContextUtils      : Unable to locate ThemeSource with name 'themeSource': using default [org.springframework.ui.context.support.ResourceBundleThemeSource@734ce281]
2024-05-22T14:37:27.827-03:00 DEBUG 10488 --- [petconnect] [           main] o.s.b.f.s.DefaultListableBeanFactory     : Creating shared instance of singleton bean 'dataSourceScriptDatabaseInitializer'
2024-05-22T14:37:27.828-03:00 DEBUG 10488 --- [petconnect] [           main] o.s.b.f.s.DefaultListableBeanFactory     : Creating shared instance of singleton bean 'org.springframework.boot.autoconfigure.sql.init.DataSourceInitializationConfiguration'
2024-05-22T14:37:27.832-03:00 DEBUG 10488 --- [petconnect] [           main] o.s.b.f.s.DefaultListableBeanFactory     : Creating shared instance of singleton bean 'dataSource'
2024-05-22T14:37:27.832-03:00 DEBUG 10488 --- [petconnect] [           main] o.s.b.f.s.DefaultListableBeanFactory     : Creating shared instance of singleton bean 'org.springframework.boot.autoconfigure.jdbc.DataSourceConfiguration$Hikari'
2024-05-22T14:37:27.836-03:00 DEBUG 10488 --- [petconnect] [           main] o.s.b.f.s.DefaultListableBeanFactory     : Creating shared instance of singleton bean 'spring.datasource-org.springframework.boot.autoconfigure.jdbc.DataSourceProperties'
2024-05-22T14:37:27.837-03:00 DEBUG 10488 --- [petconnect] [           main] o.s.b.f.s.DefaultListableBeanFactory     : Creating shared instance of singleton bean 'org.springframework.boot.context.properties.BoundConfigurationProperties'
2024-05-22T14:37:27.878-03:00 DEBUG 10488 --- [petconnect] [           main] o.s.b.f.s.DefaultListableBeanFactory     : Creating shared instance of singleton bean 'jdbcConnectionDetails'
2024-05-22T14:37:27.878-03:00 DEBUG 10488 --- [petconnect] [           main] o.s.b.f.s.DefaultListableBeanFactory     : Creating shared instance of singleton bean 'org.springframework.boot.autoconfigure.jdbc.DataSourceAutoConfiguration$PooledDataSourceConfiguration'
2024-05-22T14:37:27.882-03:00 DEBUG 10488 --- [petconnect] [           main] o.s.b.f.s.DefaultListableBeanFactory     : Autowiring by type from bean name 'jdbcConnectionDetails' via factory method to bean named 'spring.datasource-org.springframework.boot.autoconfigure.jdbc.DataSourceProperties'
2024-05-22T14:37:27.886-03:00 DEBUG 10488 --- [petconnect] [           main] o.s.b.f.s.DefaultListableBeanFactory     : Autowiring by type from bean name 'dataSource' via factory method to bean named 'spring.datasource-org.springframework.boot.autoconfigure.jdbc.DataSourceProperties'
2024-05-22T14:37:27.886-03:00 DEBUG 10488 --- [petconnect] [           main] o.s.b.f.s.DefaultListableBeanFactory     : Autowiring by type from bean name 'dataSource' via factory method to bean named 'jdbcConnectionDetails'
2024-05-22T14:37:27.940-03:00 DEBUG 10488 --- [petconnect] [           main] o.s.b.f.s.DefaultListableBeanFactory     : Creating shared instance of singleton bean 'spring.sql.init-org.springframework.boot.autoconfigure.sql.init.SqlInitializationProperties'
2024-05-22T14:37:27.950-03:00 DEBUG 10488 --- [petconnect] [           main] o.s.b.f.s.DefaultListableBeanFactory     : Autowiring by type from bean name 'dataSourceScriptDatabaseInitializer' via factory method to bean named 'dataSource'
2024-05-22T14:37:27.950-03:00 DEBUG 10488 --- [petconnect] [           main] o.s.b.f.s.DefaultListableBeanFactory     : Autowiring by type from bean name 'dataSourceScriptDatabaseInitializer' via factory method to bean named 'spring.sql.init-org.springframework.boot.autoconfigure.sql.init.SqlInitializationProperties'
2024-05-22T14:37:27.963-03:00 DEBUG 10488 --- [petconnect] [           main] o.s.b.f.s.DefaultListableBeanFactory     : Creating shared instance of singleton bean 'entityManagerFactory'
2024-05-22T14:37:27.964-03:00 DEBUG 10488 --- [petconnect] [           main] o.s.b.f.s.DefaultListableBeanFactory     : Creating shared instance of singleton bean 'org.springframework.boot.autoconfigure.orm.jpa.HibernateJpaConfiguration'
2024-05-22T14:37:27.967-03:00 DEBUG 10488 --- [petconnect] [           main] o.s.b.f.s.DefaultListableBeanFactory     : Creating shared instance of singleton bean 'spring.jpa-org.springframework.boot.autoconfigure.orm.jpa.JpaProperties'
2024-05-22T14:37:27.979-03:00 DEBUG 10488 --- [petconnect] [           main] o.s.b.f.s.DefaultListableBeanFactory     : Creating shared instance of singleton bean 'spring.jpa.hibernate-org.springframework.boot.autoconfigure.orm.jpa.HibernateProperties'
2024-05-22T14:37:27.988-03:00 DEBUG 10488 --- [petconnect] [           main] o.s.b.f.s.DefaultListableBeanFactory     : Autowiring by type from bean name 'org.springframework.boot.autoconfigure.orm.jpa.HibernateJpaConfiguration' via constructor to bean named 'dataSource'
2024-05-22T14:37:27.989-03:00 DEBUG 10488 --- [petconnect] [           main] o.s.b.f.s.DefaultListableBeanFactory     : Autowiring by type from bean name 'org.springframework.boot.autoconfigure.orm.jpa.HibernateJpaConfiguration' via constructor to bean named 'spring.jpa-org.springframework.boot.autoconfigure.orm.jpa.JpaProperties'
2024-05-22T14:37:27.989-03:00 DEBUG 10488 --- [petconnect] [           main] o.s.b.f.s.DefaultListableBeanFactory     : Autowiring by type from bean name 'org.springframework.boot.autoconfigure.orm.jpa.HibernateJpaConfiguration' via constructor to bean named 'org.springframework.beans.factory.support.DefaultListableBeanFactory@997d532'
2024-05-22T14:37:27.989-03:00 DEBUG 10488 --- [petconnect] [           main] o.s.b.f.s.DefaultListableBeanFactory     : Autowiring by type from bean name 'org.springframework.boot.autoconfigure.orm.jpa.HibernateJpaConfiguration' via constructor to bean named 'spring.jpa.hibernate-org.springframework.boot.autoconfigure.orm.jpa.HibernateProperties'
2024-05-22T14:37:27.996-03:00 DEBUG 10488 --- [petconnect] [           main] o.s.b.f.s.DefaultListableBeanFactory     : Creating shared instance of singleton bean 'hikariPoolDataSourceMetadataProvider'
2024-05-22T14:37:27.996-03:00 DEBUG 10488 --- [petconnect] [           main] o.s.b.f.s.DefaultListableBeanFactory     : Creating shared instance of singleton bean 'org.springframework.boot.autoconfigure.jdbc.metadata.DataSourcePoolMetadataProvidersConfiguration$HikariPoolDataSourceMetadataProviderConfiguration'
2024-05-22T14:37:28.022-03:00 DEBUG 10488 --- [petconnect] [           main] o.s.b.f.s.DefaultListableBeanFactory     : Creating shared instance of singleton bean 'entityManagerFactoryBuilder'
2024-05-22T14:37:28.024-03:00 DEBUG 10488 --- [petconnect] [           main] o.s.b.f.s.DefaultListableBeanFactory     : Creating shared instance of singleton bean 'jpaVendorAdapter'
2024-05-22T14:37:28.056-03:00 DEBUG 10488 --- [petconnect] [           main] o.s.b.f.s.DefaultListableBeanFactory     : Autowiring by type from bean name 'entityManagerFactoryBuilder' via factory method to bean named 'jpaVendorAdapter'
2024-05-22T14:37:28.065-03:00 DEBUG 10488 --- [petconnect] [           main] o.s.b.f.s.DefaultListableBeanFactory     : Creating shared instance of singleton bean 'persistenceManagedTypes'
2024-05-22T14:37:28.066-03:00 DEBUG 10488 --- [petconnect] [           main] o.s.b.f.s.DefaultListableBeanFactory     : Autowiring by type from bean name 'persistenceManagedTypes' via factory method to bean named 'org.springframework.beans.factory.support.DefaultListableBeanFactory@997d532'
2024-05-22T14:37:28.067-03:00 DEBUG 10488 --- [petconnect] [           main] o.s.b.f.s.DefaultListableBeanFactory     : Autowiring by type from bean name 'persistenceManagedTypes' via factory method to bean named 'org.springframework.web.context.support.GenericWebApplicationContext@7de4a01f'
2024-05-22T14:37:28.152-03:00 DEBUG 10488 --- [petconnect] [           main] o.s.b.f.s.DefaultListableBeanFactory     : Autowiring by type from bean name 'entityManagerFactory' via factory method to bean named 'entityManagerFactoryBuilder'
2024-05-22T14:37:28.153-03:00 DEBUG 10488 --- [petconnect] [           main] o.s.b.f.s.DefaultListableBeanFactory     : Autowiring by type from bean name 'entityManagerFactory' via factory method to bean named 'persistenceManagedTypes'
2024-05-22T14:37:28.194-03:00 DEBUG 10488 --- [petconnect] [           main] j.LocalContainerEntityManagerFactoryBean : Building JPA container EntityManagerFactory for persistence unit 'default'
2024-05-22T14:37:28.233-03:00  INFO 10488 --- [petconnect] [           main] o.hibernate.jpa.internal.util.LogHelper  : HHH000204: Processing PersistenceUnitInfo [name: default]
2024-05-22T14:37:28.338-03:00  INFO 10488 --- [petconnect] [           main] org.hibernate.Version                    : HHH000412: Hibernate ORM core version 6.4.4.Final
2024-05-22T14:37:28.384-03:00  INFO 10488 --- [petconnect] [           main] o.h.c.internal.RegionFactoryInitiator    : HHH000026: Second-level cache disabled
2024-05-22T14:37:28.706-03:00  INFO 10488 --- [petconnect] [           main] o.s.o.j.p.SpringPersistenceUnitInfo      : No LoadTimeWeaver setup: ignoring JPA class transformer
2024-05-22T14:37:28.744-03:00  INFO 10488 --- [petconnect] [           main] com.zaxxer.hikari.HikariDataSource       : HikariPool-1 - Starting...
2024-05-22T14:37:28.944-03:00  INFO 10488 --- [petconnect] [           main] com.zaxxer.hikari.pool.HikariPool        : HikariPool-1 - Added connection com.mysql.cj.jdbc.ConnectionImpl@4c8abec7
2024-05-22T14:37:28.946-03:00  INFO 10488 --- [petconnect] [           main] com.zaxxer.hikari.HikariDataSource       : HikariPool-1 - Start completed.
2024-05-22T14:37:30.221-03:00  INFO 10488 --- [petconnect] [           main] o.h.e.t.j.p.i.JtaPlatformInitiator       : HHH000489: No JTA platform available (set 'hibernate.transaction.jta.platform' to enable JTA platform integration)
2024-05-22T14:37:30.405-03:00  INFO 10488 --- [petconnect] [           main] j.LocalContainerEntityManagerFactoryBean : Initialized JPA EntityManagerFactory for persistence unit 'default'
2024-05-22T14:37:30.415-03:00 DEBUG 10488 --- [petconnect] [           main] o.s.b.f.s.DefaultListableBeanFactory     : Creating shared instance of singleton bean 'petconnectApplication'
2024-05-22T14:37:30.420-03:00 DEBUG 10488 --- [petconnect] [           main] o.s.b.f.s.DefaultListableBeanFactory     : Creating shared instance of singleton bean 'ownerController'
2024-05-22T14:37:30.428-03:00 DEBUG 10488 --- [petconnect] [           main] o.s.b.f.s.DefaultListableBeanFactory     : Creating shared instance of singleton bean 'ownerService'
2024-05-22T14:37:30.431-03:00 DEBUG 10488 --- [petconnect] [           main] o.s.b.f.s.DefaultListableBeanFactory     : Creating shared instance of singleton bean 'ownerRepository'
2024-05-22T14:37:30.438-03:00 DEBUG 10488 --- [petconnect] [           main] o.s.b.f.s.DefaultListableBeanFactory     : Creating shared instance of singleton bean 'jpa.named-queries#0'
2024-05-22T14:37:30.443-03:00 DEBUG 10488 --- [petconnect] [           main] o.s.b.f.s.DefaultListableBeanFactory     : Creating shared instance of singleton bean 'jpa.OwnerRepository.fragments#0'
2024-05-22T14:37:30.460-03:00 DEBUG 10488 --- [petconnect] [           main] o.s.b.f.s.DefaultListableBeanFactory     : Creating shared instance of singleton bean 'jpaSharedEM_entityManagerFactory'
2024-05-22T14:37:30.535-03:00 DEBUG 10488 --- [petconnect] [           main] o.s.b.f.s.DefaultListableBeanFactory     : Creating shared instance of singleton bean 'jpaMappingContext'
2024-05-22T14:37:30.536-03:00 DEBUG 10488 --- [petconnect] [           main] .c.JpaMetamodelMappingContextFactoryBean : Initializing JpaMetamodelMappingContext…
2024-05-22T14:37:30.552-03:00 DEBUG 10488 --- [petconnect] [           main] .c.JpaMetamodelMappingContextFactoryBean : Finished initializing JpaMetamodelMappingContext
2024-05-22T14:37:30.596-03:00 DEBUG 10488 --- [petconnect] [           main] tor$SharedEntityManagerInvocationHandler : Creating new EntityManager for shared EntityManager invocation
2024-05-22T14:37:30.653-03:00 DEBUG 10488 --- [petconnect] [           main] tor$SharedEntityManagerInvocationHandler : Creating new EntityManager for shared EntityManager invocation
2024-05-22T14:37:30.658-03:00 DEBUG 10488 --- [petconnect] [           main] o.s.b.f.s.DefaultListableBeanFactory     : Creating shared instance of singleton bean 'metricsRepositoryMethodInvocationListener'
2024-05-22T14:37:30.658-03:00 DEBUG 10488 --- [petconnect] [           main] o.s.b.f.s.DefaultListableBeanFactory     : Creating shared instance of singleton bean 'org.springframework.boot.actuate.autoconfigure.metrics.data.RepositoryMetricsAutoConfiguration'
2024-05-22T14:37:30.659-03:00 DEBUG 10488 --- [petconnect] [           main] o.s.b.f.s.DefaultListableBeanFactory     : Creating shared instance of singleton bean 'management.metrics-org.springframework.boot.actuate.autoconfigure.metrics.MetricsProperties'
2024-05-22T14:37:30.666-03:00 DEBUG 10488 --- [petconnect] [           main] o.s.b.f.s.DefaultListableBeanFactory     : Autowiring by type from bean name 'org.springframework.boot.actuate.autoconfigure.metrics.data.RepositoryMetricsAutoConfiguration' via constructor to bean named 'management.metrics-org.springframework.boot.actuate.autoconfigure.metrics.MetricsProperties'
2024-05-22T14:37:30.669-03:00 DEBUG 10488 --- [petconnect] [           main] o.s.b.f.s.DefaultListableBeanFactory     : Creating shared instance of singleton bean 'repositoryTagsProvider'
2024-05-22T14:37:30.672-03:00 DEBUG 10488 --- [petconnect] [           main] o.s.b.f.s.DefaultListableBeanFactory     : Autowiring by type from bean name 'metricsRepositoryMethodInvocationListener' via factory method to bean named 'repositoryTagsProvider'
2024-05-22T14:37:30.721-03:00 DEBUG 10488 --- [petconnect] [           main] o.s.d.r.c.s.RepositoryFactorySupport     : Initializing repository instance for br.com.project.petconnect.app.owner.repository.OwnerRepository…
2024-05-22T14:37:30.751-03:00 DEBUG 10488 --- [petconnect] [           main] tor$SharedEntityManagerInvocationHandler : Creating new EntityManager for shared EntityManager invocation
2024-05-22T14:37:30.778-03:00 DEBUG 10488 --- [petconnect] [           main] o.s.d.r.c.s.RepositoryFactorySupport     : Finished creation of repository instance for br.com.project.petconnect.app.owner.repository.OwnerRepository.
2024-05-22T14:37:30.792-03:00 DEBUG 10488 --- [petconnect] [           main] o.s.b.f.s.DefaultListableBeanFactory     : Autowiring by type from bean name 'ownerService' via constructor to bean named 'ownerRepository'
2024-05-22T14:37:30.815-03:00 DEBUG 10488 --- [petconnect] [           main] o.s.b.f.s.DefaultListableBeanFactory     : Autowiring by type from bean name 'ownerController' via constructor to bean named 'ownerService'
2024-05-22T14:37:30.818-03:00 DEBUG 10488 --- [petconnect] [           main] o.s.b.f.s.DefaultListableBeanFactory     : Creating shared instance of singleton bean 'ownerMapperImpl'
2024-05-22T14:37:30.822-03:00 DEBUG 10488 --- [petconnect] [           main] o.s.b.f.s.DefaultListableBeanFactory     : Creating shared instance of singleton bean 'petShopController'
2024-05-22T14:37:30.826-03:00 DEBUG 10488 --- [petconnect] [           main] o.s.b.f.s.DefaultListableBeanFactory     : Creating shared instance of singleton bean 'petShopService'
2024-05-22T14:37:30.829-03:00 DEBUG 10488 --- [petconnect] [           main] o.s.b.f.s.DefaultListableBeanFactory     : Creating shared instance of singleton bean 'petShopRepository'
2024-05-22T14:37:30.831-03:00 DEBUG 10488 --- [petconnect] [           main] o.s.b.f.s.DefaultListableBeanFactory     : Creating shared instance of singleton bean 'jpa.named-queries#1'
2024-05-22T14:37:30.832-03:00 DEBUG 10488 --- [petconnect] [           main] o.s.b.f.s.DefaultListableBeanFactory     : Creating shared instance of singleton bean 'jpa.PetShopRepository.fragments#0'
2024-05-22T14:37:30.833-03:00 DEBUG 10488 --- [petconnect] [           main] tor$SharedEntityManagerInvocationHandler : Creating new EntityManager for shared EntityManager invocation
2024-05-22T14:37:30.859-03:00 DEBUG 10488 --- [petconnect] [           main] o.s.d.r.c.s.RepositoryFactorySupport     : Initializing repository instance for br.com.project.petconnect.app.petshop.repository.PetShopRepository…
2024-05-22T14:37:30.860-03:00 DEBUG 10488 --- [petconnect] [           main] tor$SharedEntityManagerInvocationHandler : Creating new EntityManager for shared EntityManager invocation
2024-05-22T14:37:30.900-03:00 DEBUG 10488 --- [petconnect] [           main] o.s.d.jpa.repository.query.NamedQuery    : Looking up named query PetShopEntity.findByCnpj
2024-05-22T14:37:30.903-03:00 DEBUG 10488 --- [petconnect] [           main] o.s.d.jpa.repository.query.NamedQuery    : Did not find named query PetShopEntity.findByCnpj
2024-05-22T14:37:30.906-03:00 DEBUG 10488 --- [petconnect] [           main] tor$SharedEntityManagerInvocationHandler : Creating new EntityManager for shared EntityManager invocation
2024-05-22T14:37:30.978-03:00 DEBUG 10488 --- [petconnect] [           main] o.s.d.jpa.repository.query.NamedQuery    : Looking up named query PetShopEntity.findByBusinessNameContainingIgnoreCase
2024-05-22T14:37:30.979-03:00 DEBUG 10488 --- [petconnect] [           main] o.s.d.jpa.repository.query.NamedQuery    : Did not find named query PetShopEntity.findByBusinessNameContainingIgnoreCase
2024-05-22T14:37:30.979-03:00 DEBUG 10488 --- [petconnect] [           main] tor$SharedEntityManagerInvocationHandler : Creating new EntityManager for shared EntityManager invocation
2024-05-22T14:37:30.984-03:00 DEBUG 10488 --- [petconnect] [           main] o.s.d.jpa.repository.query.NamedQuery    : Looking up named query PetShopEntity.existsByCnpj
2024-05-22T14:37:30.997-03:00 DEBUG 10488 --- [petconnect] [           main] o.s.d.jpa.repository.query.NamedQuery    : Did not find named query PetShopEntity.existsByCnpj
2024-05-22T14:37:30.997-03:00 DEBUG 10488 --- [petconnect] [           main] tor$SharedEntityManagerInvocationHandler : Creating new EntityManager for shared EntityManager invocation
2024-05-22T14:37:31.001-03:00 DEBUG 10488 --- [petconnect] [           main] o.s.d.jpa.repository.query.NamedQuery    : Looking up named query PetShopEntity.findByEmail
2024-05-22T14:37:31.001-03:00 DEBUG 10488 --- [petconnect] [           main] o.s.d.jpa.repository.query.NamedQuery    : Did not find named query PetShopEntity.findByEmail
2024-05-22T14:37:31.001-03:00 DEBUG 10488 --- [petconnect] [           main] tor$SharedEntityManagerInvocationHandler : Creating new EntityManager for shared EntityManager invocation
2024-05-22T14:37:31.006-03:00 DEBUG 10488 --- [petconnect] [           main] o.s.d.r.c.s.RepositoryFactorySupport     : Finished creation of repository instance for br.com.project.petconnect.app.petshop.repository.PetShopRepository.
2024-05-22T14:37:31.021-03:00 DEBUG 10488 --- [petconnect] [           main] o.s.b.f.s.DefaultListableBeanFactory     : Creating shared instance of singleton bean 'petShopMapperImpl'
2024-05-22T14:37:31.027-03:00 DEBUG 10488 --- [petconnect] [           main] o.s.b.f.s.DefaultListableBeanFactory     : Autowiring by type from bean name 'petShopService' via constructor to bean named 'petShopRepository'
2024-05-22T14:37:31.027-03:00 DEBUG 10488 --- [petconnect] [           main] o.s.b.f.s.DefaultListableBeanFactory     : Autowiring by type from bean name 'petShopService' via constructor to bean named 'petShopMapperImpl'
2024-05-22T14:37:31.030-03:00 DEBUG 10488 --- [petconnect] [           main] o.s.b.f.s.DefaultListableBeanFactory     : Autowiring by type from bean name 'petShopController' via constructor to bean named 'petShopService'
2024-05-22T14:37:31.033-03:00 DEBUG 10488 --- [petconnect] [           main] o.s.b.f.s.DefaultListableBeanFactory     : Creating shared instance of singleton bean 'petController'
2024-05-22T14:37:31.038-03:00 DEBUG 10488 --- [petconnect] [           main] o.s.b.f.s.DefaultListableBeanFactory     : Creating shared instance of singleton bean 'petService'
2024-05-22T14:37:31.039-03:00 DEBUG 10488 --- [petconnect] [           main] o.s.b.f.s.DefaultListableBeanFactory     : Creating shared instance of singleton bean 'petRepository'
2024-05-22T14:37:31.040-03:00 DEBUG 10488 --- [petconnect] [           main] o.s.b.f.s.DefaultListableBeanFactory     : Creating shared instance of singleton bean 'jpa.named-queries#3'
2024-05-22T14:37:31.044-03:00 DEBUG 10488 --- [petconnect] [           main] o.s.b.f.s.DefaultListableBeanFactory     : Creating shared instance of singleton bean 'jpa.PetRepository.fragments#0'
2024-05-22T14:37:31.048-03:00 DEBUG 10488 --- [petconnect] [           main] tor$SharedEntityManagerInvocationHandler : Creating new EntityManager for shared EntityManager invocation
2024-05-22T14:37:31.049-03:00 DEBUG 10488 --- [petconnect] [           main] o.s.d.r.c.s.RepositoryFactorySupport     : Initializing repository instance for br.com.project.petconnect.app.pet.repository.PetRepository…
2024-05-22T14:37:31.050-03:00 DEBUG 10488 --- [petconnect] [           main] tor$SharedEntityManagerInvocationHandler : Creating new EntityManager for shared EntityManager invocation
2024-05-22T14:37:31.057-03:00 DEBUG 10488 --- [petconnect] [           main] o.s.d.r.c.s.RepositoryFactorySupport     : Finished creation of repository instance for br.com.project.petconnect.app.pet.repository.PetRepository.
2024-05-22T14:37:31.061-03:00 DEBUG 10488 --- [petconnect] [           main] o.s.b.f.s.DefaultListableBeanFactory     : Creating shared instance of singleton bean 'userRepository'
2024-05-22T14:37:31.063-03:00 DEBUG 10488 --- [petconnect] [           main] o.s.b.f.s.DefaultListableBeanFactory     : Creating shared instance of singleton bean 'jpa.named-queries#2'
2024-05-22T14:37:31.064-03:00 DEBUG 10488 --- [petconnect] [           main] o.s.b.f.s.DefaultListableBeanFactory     : Creating shared instance of singleton bean 'jpa.UserRepository.fragments#0'
2024-05-22T14:37:31.065-03:00 DEBUG 10488 --- [petconnect] [           main] tor$SharedEntityManagerInvocationHandler : Creating new EntityManager for shared EntityManager invocation
2024-05-22T14:37:31.065-03:00 DEBUG 10488 --- [petconnect] [           main] o.s.d.r.c.s.RepositoryFactorySupport     : Initializing repository instance for br.com.project.petconnect.app.user.repository.UserRepository…
2024-05-22T14:37:31.065-03:00 DEBUG 10488 --- [petconnect] [           main] tor$SharedEntityManagerInvocationHandler : Creating new EntityManager for shared EntityManager invocation
2024-05-22T14:37:31.070-03:00 DEBUG 10488 --- [petconnect] [           main] o.s.d.jpa.repository.query.NamedQuery    : Looking up named query UserEntity.existsByEmailAndIdNot
2024-05-22T14:37:31.071-03:00 DEBUG 10488 --- [petconnect] [           main] o.s.d.jpa.repository.query.NamedQuery    : Did not find named query UserEntity.existsByEmailAndIdNot
2024-05-22T14:37:31.071-03:00 DEBUG 10488 --- [petconnect] [           main] tor$SharedEntityManagerInvocationHandler : Creating new EntityManager for shared EntityManager invocation
2024-05-22T14:37:31.077-03:00 DEBUG 10488 --- [petconnect] [           main] o.s.d.jpa.repository.query.NamedQuery    : Looking up named query UserEntity.existsByCpfAndIdNot
2024-05-22T14:37:31.077-03:00 DEBUG 10488 --- [petconnect] [           main] o.s.d.jpa.repository.query.NamedQuery    : Did not find named query UserEntity.existsByCpfAndIdNot
2024-05-22T14:37:31.078-03:00 DEBUG 10488 --- [petconnect] [           main] tor$SharedEntityManagerInvocationHandler : Creating new EntityManager for shared EntityManager invocation
2024-05-22T14:37:31.079-03:00 DEBUG 10488 --- [petconnect] [           main] o.s.d.jpa.repository.query.NamedQuery    : Looking up named query UserEntity.findByEmail
2024-05-22T14:37:31.080-03:00 DEBUG 10488 --- [petconnect] [           main] o.s.d.jpa.repository.query.NamedQuery    : Did not find named query UserEntity.findByEmail
2024-05-22T14:37:31.080-03:00 DEBUG 10488 --- [petconnect] [           main] tor$SharedEntityManagerInvocationHandler : Creating new EntityManager for shared EntityManager invocation
2024-05-22T14:37:31.081-03:00 DEBUG 10488 --- [petconnect] [           main] o.s.d.jpa.repository.query.NamedQuery    : Looking up named query UserEntity.existsByEmail
2024-05-22T14:37:31.081-03:00 DEBUG 10488 --- [petconnect] [           main] o.s.d.jpa.repository.query.NamedQuery    : Did not find named query UserEntity.existsByEmail
2024-05-22T14:37:31.081-03:00 DEBUG 10488 --- [petconnect] [           main] tor$SharedEntityManagerInvocationHandler : Creating new EntityManager for shared EntityManager invocation
2024-05-22T14:37:31.082-03:00 DEBUG 10488 --- [petconnect] [           main] o.s.d.jpa.repository.query.NamedQuery    : Looking up named query UserEntity.existsByCpf
2024-05-22T14:37:31.083-03:00 DEBUG 10488 --- [petconnect] [           main] o.s.d.jpa.repository.query.NamedQuery    : Did not find named query UserEntity.existsByCpf
2024-05-22T14:37:31.083-03:00 DEBUG 10488 --- [petconnect] [           main] tor$SharedEntityManagerInvocationHandler : Creating new EntityManager for shared EntityManager invocation
2024-05-22T14:37:31.089-03:00 DEBUG 10488 --- [petconnect] [           main] o.s.d.r.c.s.RepositoryFactorySupport     : Finished creation of repository instance for br.com.project.petconnect.app.user.repository.UserRepository.
2024-05-22T14:37:31.096-03:00 DEBUG 10488 --- [petconnect] [           main] o.s.b.f.s.DefaultListableBeanFactory     : Autowiring by type from bean name 'petService' via constructor to bean named 'petRepository'
2024-05-22T14:37:31.096-03:00 DEBUG 10488 --- [petconnect] [           main] o.s.b.f.s.DefaultListableBeanFactory     : Autowiring by type from bean name 'petService' via constructor to bean named 'userRepository'
2024-05-22T14:37:31.111-03:00 DEBUG 10488 --- [petconnect] [           main] o.s.b.f.s.DefaultListableBeanFactory     : Autowiring by type from bean name 'petController' via constructor to bean named 'petService'
2024-05-22T14:37:31.114-03:00 DEBUG 10488 --- [petconnect] [           main] o.s.b.f.s.DefaultListableBeanFactory     : Creating shared instance of singleton bean 'petMapperImpl'
2024-05-22T14:37:31.119-03:00 DEBUG 10488 --- [petconnect] [           main] o.s.b.f.s.DefaultListableBeanFactory     : Creating shared instance of singleton bean 'schedulingController'
2024-05-22T14:37:31.122-03:00 DEBUG 10488 --- [petconnect] [           main] o.s.b.f.s.DefaultListableBeanFactory     : Creating shared instance of singleton bean 'schedulingService'
2024-05-22T14:37:31.125-03:00 DEBUG 10488 --- [petconnect] [           main] o.s.b.f.s.DefaultListableBeanFactory     : Creating shared instance of singleton bean 'schedulingRepository'
2024-05-22T14:37:31.127-03:00 DEBUG 10488 --- [petconnect] [           main] o.s.b.f.s.DefaultListableBeanFactory     : Creating shared instance of singleton bean 'jpa.named-queries#4'
2024-05-22T14:37:31.128-03:00 DEBUG 10488 --- [petconnect] [           main] o.s.b.f.s.DefaultListableBeanFactory     : Creating shared instance of singleton bean 'jpa.SchedulingRepository.fragments#0'
2024-05-22T14:37:31.129-03:00 DEBUG 10488 --- [petconnect] [           main] tor$SharedEntityManagerInvocationHandler : Creating new EntityManager for shared EntityManager invocation
2024-05-22T14:37:31.133-03:00 DEBUG 10488 --- [petconnect] [           main] o.s.d.r.c.s.RepositoryFactorySupport     : Initializing repository instance for br.com.project.petconnect.app.scheduling.repository.SchedulingRepository…
2024-05-22T14:37:31.133-03:00 DEBUG 10488 --- [petconnect] [           main] tor$SharedEntityManagerInvocationHandler : Creating new EntityManager for shared EntityManager invocation
2024-05-22T14:37:31.136-03:00 DEBUG 10488 --- [petconnect] [           main] o.s.d.jpa.repository.query.NamedQuery    : Looking up named query SchedulingEntity.findByPetShopId
2024-05-22T14:37:31.137-03:00 DEBUG 10488 --- [petconnect] [           main] o.s.d.jpa.repository.query.NamedQuery    : Did not find named query SchedulingEntity.findByPetShopId
2024-05-22T14:37:31.137-03:00 DEBUG 10488 --- [petconnect] [           main] tor$SharedEntityManagerInvocationHandler : Creating new EntityManager for shared EntityManager invocation
2024-05-22T14:37:31.145-03:00 DEBUG 10488 --- [petconnect] [           main] o.s.d.r.c.s.RepositoryFactorySupport     : Finished creation of repository instance for br.com.project.petconnect.app.scheduling.repository.SchedulingRepository.
2024-05-22T14:37:31.152-03:00 DEBUG 10488 --- [petconnect] [           main] o.s.b.f.s.DefaultListableBeanFactory     : Creating shared instance of singleton bean 'schedulingMapperImpl'
2024-05-22T14:37:31.157-03:00 DEBUG 10488 --- [petconnect] [           main] o.s.b.f.s.DefaultListableBeanFactory     : Autowiring by type from bean name 'schedulingService' via constructor to bean named 'schedulingRepository'
2024-05-22T14:37:31.157-03:00 DEBUG 10488 --- [petconnect] [           main] o.s.b.f.s.DefaultListableBeanFactory     : Autowiring by type from bean name 'schedulingService' via constructor to bean named 'petShopRepository'
2024-05-22T14:37:31.157-03:00 DEBUG 10488 --- [petconnect] [           main] o.s.b.f.s.DefaultListableBeanFactory     : Autowiring by type from bean name 'schedulingService' via constructor to bean named 'petRepository'
2024-05-22T14:37:31.157-03:00 DEBUG 10488 --- [petconnect] [           main] o.s.b.f.s.DefaultListableBeanFactory     : Autowiring by type from bean name 'schedulingService' via constructor to bean named 'schedulingMapperImpl'
2024-05-22T14:37:31.160-03:00 DEBUG 10488 --- [petconnect] [           main] o.s.b.f.s.DefaultListableBeanFactory     : Autowiring by type from bean name 'schedulingController' via constructor to bean named 'schedulingService'
2024-05-22T14:37:31.162-03:00 DEBUG 10488 --- [petconnect] [           main] o.s.b.f.s.DefaultListableBeanFactory     : Creating shared instance of singleton bean 'userController'
2024-05-22T14:37:31.168-03:00 DEBUG 10488 --- [petconnect] [           main] o.s.b.f.s.DefaultListableBeanFactory     : Creating shared instance of singleton bean 'userService'
2024-05-22T14:37:31.171-03:00 DEBUG 10488 --- [petconnect] [           main] o.s.b.f.s.DefaultListableBeanFactory     : Creating shared instance of singleton bean 'passwordEncoder'
2024-05-22T14:37:31.172-03:00 DEBUG 10488 --- [petconnect] [           main] o.s.b.f.s.DefaultListableBeanFactory     : Creating shared instance of singleton bean 'petConnectSecurityConfig'
2024-05-22T14:37:31.179-03:00 DEBUG 10488 --- [petconnect] [           main] o.s.b.f.s.DefaultListableBeanFactory     : Creating shared instance of singleton bean 'passwordValidator'
2024-05-22T14:37:31.180-03:00 DEBUG 10488 --- [petconnect] [           main] o.s.b.f.s.DefaultListableBeanFactory     : Autowiring by type from bean name 'passwordValidator' via constructor to bean named 'passwordEncoder'
2024-05-22T14:37:31.185-03:00 DEBUG 10488 --- [petconnect] [           main] o.s.b.f.s.DefaultListableBeanFactory     : Creating shared instance of singleton bean 'userValidator'
2024-05-22T14:37:31.185-03:00 DEBUG 10488 --- [petconnect] [           main] o.s.b.f.s.DefaultListableBeanFactory     : Autowiring by type from bean name 'userValidator' via constructor to bean named 'userRepository'
2024-05-22T14:37:31.189-03:00 DEBUG 10488 --- [petconnect] [           main] o.s.b.f.s.DefaultListableBeanFactory     : Autowiring by type from bean name 'userService' via constructor to bean named 'userRepository'
2024-05-22T14:37:31.189-03:00 DEBUG 10488 --- [petconnect] [           main] o.s.b.f.s.DefaultListableBeanFactory     : Autowiring by type from bean name 'userService' via constructor to bean named 'passwordEncoder'
2024-05-22T14:37:31.189-03:00 DEBUG 10488 --- [petconnect] [           main] o.s.b.f.s.DefaultListableBeanFactory     : Autowiring by type from bean name 'userService' via constructor to bean named 'passwordValidator'
2024-05-22T14:37:31.189-03:00 DEBUG 10488 --- [petconnect] [           main] o.s.b.f.s.DefaultListableBeanFactory     : Autowiring by type from bean name 'userService' via constructor to bean named 'userValidator'
2024-05-22T14:37:31.204-03:00 DEBUG 10488 --- [petconnect] [           main] o.s.b.f.s.DefaultListableBeanFactory     : Autowiring by type from bean name 'userController' via constructor to bean named 'userService'
2024-05-22T14:37:31.207-03:00 DEBUG 10488 --- [petconnect] [           main] o.s.b.f.s.DefaultListableBeanFactory     : Creating shared instance of singleton bean 'userMapperImpl'
2024-05-22T14:37:31.212-03:00 DEBUG 10488 --- [petconnect] [           main] o.s.b.f.s.DefaultListableBeanFactory     : Creating shared instance of singleton bean 'globalExceptionHandler'
2024-05-22T14:37:31.230-03:00 DEBUG 10488 --- [petconnect] [           main] o.s.b.f.s.DefaultListableBeanFactory     : Creating shared instance of singleton bean 'petConnectAuthenticationProvider'
2024-05-22T14:37:31.230-03:00 DEBUG 10488 --- [petconnect] [           main] o.s.b.f.s.DefaultListableBeanFactory     : Autowiring by type from bean name 'petConnectAuthenticationProvider' via constructor to bean named 'userRepository'
2024-05-22T14:37:31.230-03:00 DEBUG 10488 --- [petconnect] [           main] o.s.b.f.s.DefaultListableBeanFactory     : Autowiring by type from bean name 'petConnectAuthenticationProvider' via constructor to bean named 'passwordEncoder'
2024-05-22T14:37:31.233-03:00 DEBUG 10488 --- [petconnect] [           main] o.s.b.f.s.DefaultListableBeanFactory     : Creating shared instance of singleton bean 'loginController'
2024-05-22T14:37:31.234-03:00 DEBUG 10488 --- [petconnect] [           main] o.s.b.f.s.DefaultListableBeanFactory     : Autowiring by type from bean name 'loginController' via constructor to bean named 'userRepository'
2024-05-22T14:37:31.237-03:00 DEBUG 10488 --- [petconnect] [           main] o.s.b.f.s.DefaultListableBeanFactory     : Creating shared instance of singleton bean 'customAuthenticationManager'
2024-05-22T14:37:31.237-03:00 DEBUG 10488 --- [petconnect] [           main] o.s.b.f.s.DefaultListableBeanFactory     : Autowiring by type from bean name 'customAuthenticationManager' via constructor to bean named 'userService'
2024-05-22T14:37:31.239-03:00 DEBUG 10488 --- [petconnect] [           main] o.s.b.f.s.DefaultListableBeanFactory     : Creating shared instance of singleton bean 'defaultSecurityFilterChain'
2024-05-22T14:37:31.240-03:00 DEBUG 10488 --- [petconnect] [           main] o.s.b.f.s.DefaultListableBeanFactory     : Creating shared instance of singleton bean 'org.springframework.security.config.annotation.web.configuration.HttpSecurityConfiguration'
2024-05-22T14:37:31.243-03:00 DEBUG 10488 --- [petconnect] [           main] o.s.b.f.s.DefaultListableBeanFactory     : Creating shared instance of singleton bean 'objectPostProcessor'
2024-05-22T14:37:31.244-03:00 DEBUG 10488 --- [petconnect] [           main] o.s.b.f.s.DefaultListableBeanFactory     : Creating shared instance of singleton bean 'org.springframework.security.config.annotation.configuration.ObjectPostProcessorConfiguration'
2024-05-22T14:37:31.246-03:00 DEBUG 10488 --- [petconnect] [           main] o.s.b.f.s.DefaultListableBeanFactory     : Autowiring by type from bean name 'objectPostProcessor' via factory method to bean named 'org.springframework.beans.factory.support.DefaultListableBeanFactory@997d532'
2024-05-22T14:37:31.250-03:00 DEBUG 10488 --- [petconnect] [           main] o.s.b.f.s.DefaultListableBeanFactory     : Creating shared instance of singleton bean 'org.springframework.security.config.annotation.authentication.configuration.AuthenticationConfiguration'
2024-05-22T14:37:31.253-03:00 DEBUG 10488 --- [petconnect] [           main] o.s.b.f.s.DefaultListableBeanFactory     : Creating shared instance of singleton bean 'enableGlobalAuthenticationAutowiredConfigurer'
2024-05-22T14:37:31.254-03:00 DEBUG 10488 --- [petconnect] [           main] o.s.b.f.s.DefaultListableBeanFactory     : Autowiring by type from bean name 'enableGlobalAuthenticationAutowiredConfigurer' via factory method to bean named 'org.springframework.web.context.support.GenericWebApplicationContext@7de4a01f'
2024-05-22T14:37:31.257-03:00 DEBUG 10488 --- [petconnect] [           main] o.s.b.f.s.DefaultListableBeanFactory     : Creating shared instance of singleton bean 'initializeUserDetailsBeanManagerConfigurer'
2024-05-22T14:37:31.257-03:00 DEBUG 10488 --- [petconnect] [           main] o.s.b.f.s.DefaultListableBeanFactory     : Autowiring by type from bean name 'initializeUserDetailsBeanManagerConfigurer' via factory method to bean named 'org.springframework.web.context.support.GenericWebApplicationContext@7de4a01f'
2024-05-22T14:37:31.259-03:00 DEBUG 10488 --- [petconnect] [           main] o.s.b.f.s.DefaultListableBeanFactory     : Creating shared instance of singleton bean 'initializeAuthenticationProviderBeanManagerConfigurer'
2024-05-22T14:37:31.260-03:00 DEBUG 10488 --- [petconnect] [           main] o.s.b.f.s.DefaultListableBeanFactory     : Autowiring by type from bean name 'initializeAuthenticationProviderBeanManagerConfigurer' via factory method to bean named 'org.springframework.web.context.support.GenericWebApplicationContext@7de4a01f'
2024-05-22T14:37:31.269-03:00 DEBUG 10488 --- [petconnect] [           main] o.s.b.f.s.DefaultListableBeanFactory     : Creating shared instance of singleton bean 'mvcContentNegotiationManager'
2024-05-22T14:37:31.269-03:00 DEBUG 10488 --- [petconnect] [           main] o.s.b.f.s.DefaultListableBeanFactory     : Creating shared instance of singleton bean 'org.springframework.boot.autoconfigure.web.servlet.WebMvcAutoConfiguration$EnableWebMvcConfiguration'
2024-05-22T14:37:31.271-03:00 DEBUG 10488 --- [petconnect] [           main] o.s.b.f.s.DefaultListableBeanFactory     : Creating shared instance of singleton bean 'spring.mvc-org.springframework.boot.autoconfigure.web.servlet.WebMvcProperties'
2024-05-22T14:37:31.280-03:00 DEBUG 10488 --- [petconnect] [           main] o.s.b.f.s.DefaultListableBeanFactory     : Creating shared instance of singleton bean 'spring.web-org.springframework.boot.autoconfigure.web.WebProperties'
2024-05-22T14:37:31.288-03:00 DEBUG 10488 --- [petconnect] [           main] o.s.b.f.s.DefaultListableBeanFactory     : Autowiring by type from bean name 'org.springframework.boot.autoconfigure.web.servlet.WebMvcAutoConfiguration$EnableWebMvcConfiguration' via constructor to bean named 'spring.mvc-org.springframework.boot.autoconfigure.web.servlet.WebMvcProperties'
2024-05-22T14:37:31.288-03:00 DEBUG 10488 --- [petconnect] [           main] o.s.b.f.s.DefaultListableBeanFactory     : Autowiring by type from bean name 'org.springframework.boot.autoconfigure.web.servlet.WebMvcAutoConfiguration$EnableWebMvcConfiguration' via constructor to bean named 'spring.web-org.springframework.boot.autoconfigure.web.WebProperties'
2024-05-22T14:37:31.288-03:00 DEBUG 10488 --- [petconnect] [           main] o.s.b.f.s.DefaultListableBeanFactory     : Autowiring by type from bean name 'org.springframework.boot.autoconfigure.web.servlet.WebMvcAutoConfiguration$EnableWebMvcConfiguration' via constructor to bean named 'org.springframework.beans.factory.support.DefaultListableBeanFactory@997d532'
2024-05-22T14:37:31.295-03:00 DEBUG 10488 --- [petconnect] [           main] o.s.b.f.s.DefaultListableBeanFactory     : Creating shared instance of singleton bean 'org.springframework.boot.autoconfigure.web.servlet.WebMvcAutoConfiguration$WebMvcAutoConfigurationAdapter'
2024-05-22T14:37:31.296-03:00 DEBUG 10488 --- [petconnect] [           main] o.s.b.f.s.DefaultListableBeanFactory     : Autowiring by type from bean name 'org.springframework.boot.autoconfigure.web.servlet.WebMvcAutoConfiguration$WebMvcAutoConfigurationAdapter' via constructor to bean named 'spring.web-org.springframework.boot.autoconfigure.web.WebProperties'
2024-05-22T14:37:31.296-03:00 DEBUG 10488 --- [petconnect] [           main] o.s.b.f.s.DefaultListableBeanFactory     : Autowiring by type from bean name 'org.springframework.boot.autoconfigure.web.servlet.WebMvcAutoConfiguration$WebMvcAutoConfigurationAdapter' via constructor to bean named 'spring.mvc-org.springframework.boot.autoconfigure.web.servlet.WebMvcProperties'
2024-05-22T14:37:31.296-03:00 DEBUG 10488 --- [petconnect] [           main] o.s.b.f.s.DefaultListableBeanFactory     : Autowiring by type from bean name 'org.springframework.boot.autoconfigure.web.servlet.WebMvcAutoConfiguration$WebMvcAutoConfigurationAdapter' via constructor to bean named 'org.springframework.beans.factory.support.DefaultListableBeanFactory@997d532'
2024-05-22T14:37:31.304-03:00 DEBUG 10488 --- [petconnect] [           main] o.s.b.f.s.DefaultListableBeanFactory     : Creating shared instance of singleton bean 'openEntityManagerInViewInterceptorConfigurer'
2024-05-22T14:37:31.305-03:00 DEBUG 10488 --- [petconnect] [           main] o.s.b.f.s.DefaultListableBeanFactory     : Creating shared instance of singleton bean 'org.springframework.boot.autoconfigure.orm.jpa.JpaBaseConfiguration$JpaWebConfiguration'
2024-05-22T14:37:31.305-03:00 DEBUG 10488 --- [petconnect] [           main] o.s.b.f.s.DefaultListableBeanFactory     : Autowiring by type from bean name 'org.springframework.boot.autoconfigure.orm.jpa.JpaBaseConfiguration$JpaWebConfiguration' via constructor to bean named 'spring.jpa-org.springframework.boot.autoconfigure.orm.jpa.JpaProperties'
2024-05-22T14:37:31.308-03:00 DEBUG 10488 --- [petconnect] [           main] o.s.b.f.s.DefaultListableBeanFactory     : Creating shared instance of singleton bean 'openEntityManagerInViewInterceptor'
2024-05-22T14:37:31.314-03:00 DEBUG 10488 --- [petconnect] [           main] o.s.b.f.s.DefaultListableBeanFactory     : Autowiring by type from bean name 'openEntityManagerInViewInterceptorConfigurer' via factory method to bean named 'openEntityManagerInViewInterceptor'
2024-05-22T14:37:31.318-03:00 DEBUG 10488 --- [petconnect] [           main] o.s.b.f.s.DefaultListableBeanFactory     : Creating shared instance of singleton bean 'org.springframework.data.web.config.SpringDataWebConfiguration'
2024-05-22T14:37:31.319-03:00 DEBUG 10488 --- [petconnect] [           main] o.s.b.f.s.DefaultListableBeanFactory     : Autowiring by type from bean name 'org.springframework.data.web.config.SpringDataWebConfiguration' via constructor to bean named 'org.springframework.web.context.support.GenericWebApplicationContext@7de4a01f'
2024-05-22T14:37:31.324-03:00 DEBUG 10488 --- [petconnect] [           main] o.s.b.f.s.DefaultListableBeanFactory     : Creating shared instance of singleton bean 'org.springframework.security.config.annotation.web.configuration.WebMvcSecurityConfiguration'
2024-05-22T14:37:31.326-03:00 DEBUG 10488 --- [petconnect] [           main] o.s.b.f.s.DefaultListableBeanFactory     : Creating shared instance of singleton bean 'endpointObjectMapperWebMvcConfigurer'
2024-05-22T14:37:31.327-03:00 DEBUG 10488 --- [petconnect] [           main] o.s.b.f.s.DefaultListableBeanFactory     : Creating shared instance of singleton bean 'endpointObjectMapper'
2024-05-22T14:37:31.327-03:00 DEBUG 10488 --- [petconnect] [           main] o.s.b.f.s.DefaultListableBeanFactory     : Creating shared instance of singleton bean 'org.springframework.boot.actuate.autoconfigure.endpoint.jackson.JacksonEndpointAutoConfiguration'
2024-05-22T14:37:31.331-03:00 DEBUG 10488 --- [petconnect] [           main] o.s.b.f.s.DefaultListableBeanFactory     : Autowiring by type from bean name 'endpointObjectMapperWebMvcConfigurer' via factory method to bean named 'endpointObjectMapper'
2024-05-22T14:37:31.359-03:00 DEBUG 10488 --- [petconnect] [           main] o.s.b.f.s.DefaultListableBeanFactory     : Creating shared instance of singleton bean 'authenticationManagerBuilder'
2024-05-22T14:37:31.359-03:00 DEBUG 10488 --- [petconnect] [           main] o.s.b.f.s.DefaultListableBeanFactory     : Autowiring by type from bean name 'authenticationManagerBuilder' via factory method to bean named 'objectPostProcessor'
2024-05-22T14:37:31.359-03:00 DEBUG 10488 --- [petconnect] [           main] o.s.b.f.s.DefaultListableBeanFactory     : Autowiring by type from bean name 'authenticationManagerBuilder' via factory method to bean named 'org.springframework.web.context.support.GenericWebApplicationContext@7de4a01f'
2024-05-22T14:37:31.361-03:00 DEBUG 10488 --- [petconnect] [           main] o.s.b.f.s.DefaultListableBeanFactory     : Creating shared instance of singleton bean 'authenticationEventPublisher'
2024-05-22T14:37:31.361-03:00 DEBUG 10488 --- [petconnect] [           main] o.s.b.f.s.DefaultListableBeanFactory     : Creating shared instance of singleton bean 'org.springframework.boot.autoconfigure.security.servlet.SecurityAutoConfiguration'
2024-05-22T14:37:31.363-03:00 DEBUG 10488 --- [petconnect] [           main] o.s.b.f.s.DefaultListableBeanFactory     : Autowiring by type from bean name 'authenticationEventPublisher' via factory method to bean named 'org.springframework.web.context.support.GenericWebApplicationContext@7de4a01f'
2024-05-22T14:37:31.386-03:00 DEBUG 10488 --- [petconnect] [           main] o.s.b.f.s.DefaultListableBeanFactory     : Creating shared instance of singleton bean 'org.springframework.boot.autoconfigure.security.servlet.SpringBootWebSecurityConfiguration$WebSecurityEnablerConfiguration'
2024-05-22T14:37:31.474-03:00 DEBUG 10488 --- [petconnect] [           main] o.s.b.f.s.DefaultListableBeanFactory     : Autowiring by type from bean name 'defaultSecurityFilterChain' via factory method to bean named 'org.springframework.security.config.annotation.web.configuration.HttpSecurityConfiguration.httpSecurity'
2024-05-22T14:37:31.488-03:00 DEBUG 10488 --- [petconnect] [           main] o.s.b.f.s.DefaultListableBeanFactory     : Creating shared instance of singleton bean 'mvcHandlerMappingIntrospector'
2024-05-22T14:37:31.492-03:00 DEBUG 10488 --- [petconnect] [           main] o.s.b.f.s.DefaultListableBeanFactory     : Creating shared instance of singleton bean 'welcomePageHandlerMapping'
2024-05-22T14:37:31.493-03:00 DEBUG 10488 --- [petconnect] [           main] o.s.b.f.s.DefaultListableBeanFactory     : Creating shared instance of singleton bean 'mvcConversionService'
2024-05-22T14:37:31.509-03:00 DEBUG 10488 --- [petconnect] [           main] o.s.b.f.s.DefaultListableBeanFactory     : Creating shared instance of singleton bean 'mvcResourceUrlProvider'
2024-05-22T14:37:31.513-03:00 DEBUG 10488 --- [petconnect] [           main] o.s.b.f.s.DefaultListableBeanFactory     : Autowiring by type from bean name 'welcomePageHandlerMapping' via factory method to bean named 'org.springframework.web.context.support.GenericWebApplicationContext@7de4a01f'
2024-05-22T14:37:31.513-03:00 DEBUG 10488 --- [petconnect] [           main] o.s.b.f.s.DefaultListableBeanFactory     : Autowiring by type from bean name 'welcomePageHandlerMapping' via factory method to bean named 'mvcConversionService'
2024-05-22T14:37:31.513-03:00 DEBUG 10488 --- [petconnect] [           main] o.s.b.f.s.DefaultListableBeanFactory     : Autowiring by type from bean name 'welcomePageHandlerMapping' via factory method to bean named 'mvcResourceUrlProvider'
2024-05-22T14:37:31.539-03:00 DEBUG 10488 --- [petconnect] [           main] o.s.b.f.s.DefaultListableBeanFactory     : Creating shared instance of singleton bean 'welcomePageNotAcceptableHandlerMapping'
2024-05-22T14:37:31.539-03:00 DEBUG 10488 --- [petconnect] [           main] o.s.b.f.s.DefaultListableBeanFactory     : Autowiring by type from bean name 'welcomePageNotAcceptableHandlerMapping' via factory method to bean named 'org.springframework.web.context.support.GenericWebApplicationContext@7de4a01f'
2024-05-22T14:37:31.540-03:00 DEBUG 10488 --- [petconnect] [           main] o.s.b.f.s.DefaultListableBeanFactory     : Autowiring by type from bean name 'welcomePageNotAcceptableHandlerMapping' via factory method to bean named 'mvcConversionService'
2024-05-22T14:37:31.540-03:00 DEBUG 10488 --- [petconnect] [           main] o.s.b.f.s.DefaultListableBeanFactory     : Autowiring by type from bean name 'welcomePageNotAcceptableHandlerMapping' via factory method to bean named 'mvcResourceUrlProvider'
2024-05-22T14:37:31.547-03:00 DEBUG 10488 --- [petconnect] [           main] o.s.b.f.s.DefaultListableBeanFactory     : Creating shared instance of singleton bean 'requestMappingHandlerMapping'
2024-05-22T14:37:31.549-03:00 DEBUG 10488 --- [petconnect] [           main] o.s.b.f.s.DefaultListableBeanFactory     : Autowiring by type from bean name 'requestMappingHandlerMapping' via factory method to bean named 'mvcContentNegotiationManager'
2024-05-22T14:37:31.549-03:00 DEBUG 10488 --- [petconnect] [           main] o.s.b.f.s.DefaultListableBeanFactory     : Autowiring by type from bean name 'requestMappingHandlerMapping' via factory method to bean named 'mvcConversionService'
2024-05-22T14:37:31.549-03:00 DEBUG 10488 --- [petconnect] [           main] o.s.b.f.s.DefaultListableBeanFactory     : Autowiring by type from bean name 'requestMappingHandlerMapping' via factory method to bean named 'mvcResourceUrlProvider'
2024-05-22T14:37:31.610-03:00 DEBUG 10488 --- [petconnect] [           main] s.w.s.m.m.a.RequestMappingHandlerMapping : 20 mappings in 'requestMappingHandlerMapping'
2024-05-22T14:37:31.617-03:00 DEBUG 10488 --- [petconnect] [           main] o.s.b.f.s.DefaultListableBeanFactory     : Creating shared instance of singleton bean 'viewControllerHandlerMapping'
2024-05-22T14:37:31.618-03:00 DEBUG 10488 --- [petconnect] [           main] o.s.b.f.s.DefaultListableBeanFactory     : Autowiring by type from bean name 'viewControllerHandlerMapping' via factory method to bean named 'mvcConversionService'
2024-05-22T14:37:31.618-03:00 DEBUG 10488 --- [petconnect] [           main] o.s.b.f.s.DefaultListableBeanFactory     : Autowiring by type from bean name 'viewControllerHandlerMapping' via factory method to bean named 'mvcResourceUrlProvider'
2024-05-22T14:37:31.620-03:00 DEBUG 10488 --- [petconnect] [           main] o.s.b.f.s.DefaultListableBeanFactory     : Creating shared instance of singleton bean 'beanNameHandlerMapping'
2024-05-22T14:37:31.620-03:00 DEBUG 10488 --- [petconnect] [           main] o.s.b.f.s.DefaultListableBeanFactory     : Autowiring by type from bean name 'beanNameHandlerMapping' via factory method to bean named 'mvcConversionService'
2024-05-22T14:37:31.620-03:00 DEBUG 10488 --- [petconnect] [           main] o.s.b.f.s.DefaultListableBeanFactory     : Autowiring by type from bean name 'beanNameHandlerMapping' via factory method to bean named 'mvcResourceUrlProvider'
2024-05-22T14:37:31.625-03:00 DEBUG 10488 --- [petconnect] [           main] o.s.b.f.s.DefaultListableBeanFactory     : Creating shared instance of singleton bean 'routerFunctionMapping'
2024-05-22T14:37:31.625-03:00 DEBUG 10488 --- [petconnect] [           main] o.s.b.f.s.DefaultListableBeanFactory     : Autowiring by type from bean name 'routerFunctionMapping' via factory method to bean named 'mvcConversionService'
2024-05-22T14:37:31.625-03:00 DEBUG 10488 --- [petconnect] [           main] o.s.b.f.s.DefaultListableBeanFactory     : Autowiring by type from bean name 'routerFunctionMapping' via factory method to bean named 'mvcResourceUrlProvider'
2024-05-22T14:37:31.627-03:00 DEBUG 10488 --- [petconnect] [           main] o.s.b.f.s.DefaultListableBeanFactory     : Creating shared instance of singleton bean 'messageConverters'
2024-05-22T14:37:31.627-03:00 DEBUG 10488 --- [petconnect] [           main] o.s.b.f.s.DefaultListableBeanFactory     : Creating shared instance of singleton bean 'org.springframework.boot.autoconfigure.http.HttpMessageConvertersAutoConfiguration'
2024-05-22T14:37:31.633-03:00 DEBUG 10488 --- [petconnect] [           main] o.s.b.f.s.DefaultListableBeanFactory     : Creating shared instance of singleton bean 'stringHttpMessageConverter'
2024-05-22T14:37:31.634-03:00 DEBUG 10488 --- [petconnect] [           main] o.s.b.f.s.DefaultListableBeanFactory     : Creating shared instance of singleton bean 'org.springframework.boot.autoconfigure.http.HttpMessageConvertersAutoConfiguration$StringHttpMessageConverterConfiguration'
2024-05-22T14:37:31.636-03:00 DEBUG 10488 --- [petconnect] [           main] o.s.b.f.s.DefaultListableBeanFactory     : Autowiring by type from bean name 'stringHttpMessageConverter' via factory method to bean named 'environment'
2024-05-22T14:37:31.641-03:00 DEBUG 10488 --- [petconnect] [           main] o.s.b.f.s.DefaultListableBeanFactory     : Creating shared instance of singleton bean 'mappingJackson2HttpMessageConverter'
2024-05-22T14:37:31.641-03:00 DEBUG 10488 --- [petconnect] [           main] o.s.b.f.s.DefaultListableBeanFactory     : Creating shared instance of singleton bean 'org.springframework.boot.autoconfigure.http.JacksonHttpMessageConvertersConfiguration$MappingJackson2HttpMessageConverterConfiguration'
2024-05-22T14:37:31.643-03:00 DEBUG 10488 --- [petconnect] [           main] o.s.b.f.s.DefaultListableBeanFactory     : Creating shared instance of singleton bean 'jacksonObjectMapper'
2024-05-22T14:37:31.643-03:00 DEBUG 10488 --- [petconnect] [           main] o.s.b.f.s.DefaultListableBeanFactory     : Creating shared instance of singleton bean 'org.springframework.boot.autoconfigure.jackson.JacksonAutoConfiguration$JacksonObjectMapperConfiguration'
2024-05-22T14:37:31.645-03:00 DEBUG 10488 --- [petconnect] [           main] o.s.b.f.s.DefaultListableBeanFactory     : Creating shared instance of singleton bean 'org.springframework.boot.autoconfigure.jackson.JacksonAutoConfiguration$JacksonObjectMapperBuilderConfiguration'
2024-05-22T14:37:31.647-03:00 DEBUG 10488 --- [petconnect] [           main] o.s.b.f.s.DefaultListableBeanFactory     : Creating shared instance of singleton bean 'standardJacksonObjectMapperBuilderCustomizer'
2024-05-22T14:37:31.647-03:00 DEBUG 10488 --- [petconnect] [           main] o.s.b.f.s.DefaultListableBeanFactory     : Creating shared instance of singleton bean 'org.springframework.boot.autoconfigure.jackson.JacksonAutoConfiguration$Jackson2ObjectMapperBuilderCustomizerConfiguration'
[...]
      Did not match:
         - @ConditionalOnClass did not find required classes 'org.eclipse.jetty.server.Server', 'org.eclipse.jetty.util.Loader', 'org.eclipse.jetty.ee10.webapp.WebAppContext' (OnClassCondition)

   ServletWebServerFactoryConfiguration.EmbeddedUndertow:
      Did not match:
         - @ConditionalOnClass did not find required classes 'io.undertow.Undertow', 'org.xnio.SslClientAuthMode' (OnClassCondition)

   SessionAutoConfiguration:
      Did not match:
         - @ConditionalOnClass did not find required class 'org.springframework.session.Session' (OnClassCondition)

   SessionsEndpointAutoConfiguration:
      Did not match:
         - @ConditionalOnClass did not find required class 'org.springframework.session.FindByIndexNameSessionRepository' (OnClassCondition)

   ShutdownEndpointAutoConfiguration:
      Did not match:
         - @ConditionalOnAvailableEndpoint no property management.endpoint.shutdown.enabled found so using endpoint default of false (OnAvailableEndpointCondition)

   SignalFxMetricsExportAutoConfiguration:
      Did not match:
         - @ConditionalOnClass did not find required class 'io.micrometer.signalfx.SignalFxMeterRegistry' (OnClassCondition)

   SpringApplicationAdminJmxAutoConfiguration:
      Did not match:
         - @ConditionalOnProperty (spring.application.admin.enabled=true) did not find property 'enabled' (OnPropertyCondition)

   SpringBootWebSecurityConfiguration.SecurityFilterChainConfiguration:
      Did not match:
         - AllNestedConditions 1 matched 1 did not; NestedCondition on DefaultWebSecurityCondition.Beans @ConditionalOnMissingBean (types: org.springframework.security.web.SecurityFilterChain; SearchStrategy: all) found beans of type 'org.springframework.security.web.SecurityFilterChain' defaultSecurityFilterChain; NestedCondition on DefaultWebSecurityCondition.Classes @ConditionalOnClass found required classes 'org.springframework.security.web.SecurityFilterChain', 'org.springframework.security.config.annotation.web.builders.HttpSecurity' (DefaultWebSecurityCondition)

   StackdriverMetricsExportAutoConfiguration:
      Did not match:
         - @ConditionalOnClass did not find required class 'io.micrometer.stackdriver.StackdriverMeterRegistry' (OnClassCondition)

   StartupEndpointAutoConfiguration:
      Did not match:
         - ApplicationStartup configured applicationStartup is of type class org.springframework.core.metrics.DefaultApplicationStartup, expected BufferingApplicationStartup. (StartupEndpointAutoConfiguration.ApplicationStartupCondition)

   StatsdMetricsExportAutoConfiguration:
      Did not match:
         - @ConditionalOnClass did not find required class 'io.micrometer.statsd.StatsdMeterRegistry' (OnClassCondition)

   TaskExecutorConfigurations.SimpleAsyncTaskExecutorBuilderConfiguration#simpleAsyncTaskExecutorBuilderVirtualThreads:
      Did not match:
         - @ConditionalOnMissingBean (types: org.springframework.boot.task.SimpleAsyncTaskExecutorBuilder; SearchStrategy: all) found beans of type 'org.springframework.boot.task.SimpleAsyncTaskExecutorBuilder' simpleAsyncTaskExecutorBuilder (OnBeanCondition)

   TaskExecutorConfigurations.TaskExecutorConfiguration#applicationTaskExecutorVirtualThreads:
      Did not match:
         - @ConditionalOnThreading did not find VIRTUAL (OnThreadingCondition)

   TaskSchedulingAutoConfiguration#scheduledBeanLazyInitializationExcludeFilter:
      Did not match:
         - @ConditionalOnBean (names: org.springframework.context.annotation.internalScheduledAnnotationProcessor; SearchStrategy: all) did not find any beans named org.springframework.context.annotation.internalScheduledAnnotationProcessor (OnBeanCondition)

   TaskSchedulingConfigurations.SimpleAsyncTaskSchedulerBuilderConfiguration#simpleAsyncTaskSchedulerBuilderVirtualThreads:
      Did not match:
         - @ConditionalOnMissingBean (types: org.springframework.boot.task.SimpleAsyncTaskSchedulerBuilder; SearchStrategy: all) found beans of type 'org.springframework.boot.task.SimpleAsyncTaskSchedulerBuilder' simpleAsyncTaskSchedulerBuilder (OnBeanCondition)

   TaskSchedulingConfigurations.TaskSchedulerConfiguration:
      Did not match:
         - @ConditionalOnBean (names: org.springframework.context.annotation.internalScheduledAnnotationProcessor; SearchStrategy: all) did not find any beans named org.springframework.context.annotation.internalScheduledAnnotationProcessor (OnBeanCondition)

   ThymeleafAutoConfiguration:
      Did not match:
         - @ConditionalOnClass did not find required class 'org.thymeleaf.spring6.SpringTemplateEngine' (OnClassCondition)

   TransactionAutoConfiguration#transactionalOperator:
      Did not match:
         - @ConditionalOnSingleCandidate (types: org.springframework.transaction.ReactiveTransactionManager; SearchStrategy: all) did not find any beans (OnBeanCondition)

   TransactionAutoConfiguration.AspectJTransactionManagementConfiguration:
      Did not match:
         - @ConditionalOnBean (types: org.springframework.transaction.aspectj.AbstractTransactionAspect; SearchStrategy: all) did not find any beans of type org.springframework.transaction.aspectj.AbstractTransactionAspect (OnBeanCondition)

   TransactionAutoConfiguration.EnableTransactionManagementConfiguration.JdkDynamicAutoProxyConfiguration:
      Did not match:
         - @ConditionalOnProperty (spring.aop.proxy-target-class=false) did not find property 'proxy-target-class' (OnPropertyCondition)

   UserDetailsServiceAutoConfiguration:
      Did not match:
         - @ConditionalOnMissingBean (types: org.springframework.security.authentication.AuthenticationManager,org.springframework.security.authentication.AuthenticationProvider,org.springframework.security.core.userdetails.UserDetailsService,org.springframework.security.authentication.AuthenticationManagerResolver,org.springframework.security.oauth2.jwt.JwtDecoder; SearchStrategy: all) found beans of type 'org.springframework.security.authentication.AuthenticationManager' customAuthenticationManager and found beans of type 'org.springframework.security.authentication.AuthenticationProvider' petConnectAuthenticationProvider (OnBeanCondition)
      Matched:
         - @ConditionalOnClass found required class 'org.springframework.security.authentication.AuthenticationManager' (OnClassCondition)
         - AnyNestedCondition 1 matched 2 did not; NestedCondition on UserDetailsServiceAutoConfiguration.MissingAlternativeOrUserPropertiesConfigured.PasswordConfigured @ConditionalOnProperty (spring.security.user.password) did not find property 'password'; NestedCondition on UserDetailsServiceAutoConfiguration.MissingAlternativeOrUserPropertiesConfigured.NameConfigured @ConditionalOnProperty (spring.security.user.name) did not find property 'name'; NestedCondition on UserDetailsServiceAutoConfiguration.MissingAlternativeOrUserPropertiesConfigured.MissingAlternative @ConditionalOnMissingClass did not find unwanted classes 'org.springframework.security.oauth2.client.registration.ClientRegistrationRepository', 'org.springframework.security.oauth2.server.resource.introspection.OpaqueTokenIntrospector', 'org.springframework.security.saml2.provider.service.registration.RelyingPartyRegistrationRepository' (UserDetailsServiceAutoConfiguration.MissingAlternativeOrUserPropertiesConfigured)

   WavefrontAutoConfiguration:
      Did not match:
         - @ConditionalOnClass did not find required class 'com.wavefront.sdk.common.application.ApplicationTags' (OnClassCondition)

   WavefrontMetricsExportAutoConfiguration:
      Did not match:
         - @ConditionalOnClass did not find required class 'com.wavefront.sdk.common.WavefrontSender' (OnClassCondition)

   WavefrontTracingAutoConfiguration:
      Did not match:
         - @ConditionalOnClass did not find required class 'com.wavefront.sdk.common.WavefrontSender' (OnClassCondition)

   WebClientAutoConfiguration:
      Did not match:
         - @ConditionalOnClass did not find required class 'org.springframework.web.reactive.function.client.WebClient' (OnClassCondition)

   WebClientObservationConfiguration:
      Did not match:
         - @ConditionalOnClass did not find required class 'org.springframework.web.reactive.function.client.WebClient' (OnClassCondition)

   WebFluxAutoConfiguration:
      Did not match:
         - @ConditionalOnClass did not find required class 'org.springframework.web.reactive.config.WebFluxConfigurer' (OnClassCondition)

   WebFluxEndpointManagementContextConfiguration:
      Did not match:
         - @ConditionalOnClass did not find required class 'org.springframework.web.reactive.DispatcherHandler' (OnClassCondition)

   WebFluxObservationAutoConfiguration:
      Did not match:
         - @ConditionalOnWebApplication did not find reactive web application classes (OnWebApplicationCondition)

   WebMvcAutoConfiguration#hiddenHttpMethodFilter:
      Did not match:
         - @ConditionalOnProperty (spring.mvc.hiddenmethod.filter.enabled) did not find property 'enabled' (OnPropertyCondition)

   WebMvcAutoConfiguration.ProblemDetailsErrorHandlingConfiguration:
      Did not match:
         - @ConditionalOnProperty (spring.mvc.problemdetails.enabled=true) did not find property 'enabled' (OnPropertyCondition)

   WebMvcAutoConfiguration.ResourceChainCustomizerConfiguration:
      Did not match:
         - @ConditionalOnEnabledResourceChain did not find class org.webjars.WebJarAssetLocator (OnEnabledResourceChainCondition)

   WebMvcAutoConfiguration.WebMvcAutoConfigurationAdapter#beanNameViewResolver:
      Did not match:
         - @ConditionalOnMissingBean (types: org.springframework.web.servlet.view.BeanNameViewResolver; SearchStrategy: all) found beans of type 'org.springframework.web.servlet.view.BeanNameViewResolver' beanNameViewResolver (OnBeanCondition)

   WebMvcEndpointManagementContextConfiguration#managementHealthEndpointWebMvcHandlerMapping:
      Did not match:
         - Management Port actual port type (SAME) did not match required type (DIFFERENT) (OnManagementPortCondition)

   WebServiceTemplateAutoConfiguration:
      Did not match:
         - @ConditionalOnClass did not find required class 'org.springframework.oxm.Marshaller' (OnClassCondition)

   WebServicesAutoConfiguration:
      Did not match:
         - @ConditionalOnClass did not find required class 'org.springframework.ws.transport.http.MessageDispatcherServlet' (OnClassCondition)

   WebSessionIdResolverAutoConfiguration:
      Did not match:
         - @ConditionalOnClass did not find required class 'reactor.core.publisher.Mono' (OnClassCondition)

   WebSocketMessagingAutoConfiguration:
      Did not match:
         - @ConditionalOnClass did not find required class 'org.springframework.web.socket.config.annotation.WebSocketMessageBrokerConfigurer' (OnClassCondition)

   WebSocketReactiveAutoConfiguration:
      Did not match:
         - @ConditionalOnWebApplication did not find reactive web application classes (OnWebApplicationCondition)

   WebSocketServletAutoConfiguration.JettyWebSocketConfiguration:
      Did not match:
         - @ConditionalOnClass did not find required class 'org.eclipse.jetty.ee10.websocket.jakarta.server.config.JakartaWebSocketServletContainerInitializer' (OnClassCondition)

   WebSocketServletAutoConfiguration.UndertowWebSocketConfiguration:
      Did not match:
         - @ConditionalOnClass did not find required class 'io.undertow.websockets.jsr.Bootstrap' (OnClassCondition)

   XADataSourceAutoConfiguration:
      Did not match:
         - @ConditionalOnBean (types: org.springframework.boot.jdbc.XADataSourceWrapper; SearchStrategy: all) did not find any beans of type org.springframework.boot.jdbc.XADataSourceWrapper (OnBeanCondition)
      Matched:
         - @ConditionalOnClass found required classes 'javax.sql.DataSource', 'jakarta.transaction.TransactionManager', 'org.springframework.jdbc.datasource.embedded.EmbeddedDatabaseType' (OnClassCondition)

   ZipkinAutoConfiguration:
      Did not match:
         - @ConditionalOnClass did not find required class 'zipkin2.reporter.Sender' (OnClassCondition)


Exclusions:
-----------

    None


Unconditional classes:
----------------------

    org.springframework.boot.autoconfigure.context.ConfigurationPropertiesAutoConfiguration

    org.springframework.boot.actuate.autoconfigure.availability.AvailabilityHealthContributorAutoConfiguration

    org.springframework.boot.autoconfigure.ssl.SslAutoConfiguration

    org.springframework.boot.actuate.autoconfigure.info.InfoContributorAutoConfiguration

    org.springframework.boot.autoconfigure.context.PropertyPlaceholderAutoConfiguration

    org.springframework.boot.autoconfigure.context.LifecycleAutoConfiguration

    org.springframework.boot.actuate.autoconfigure.metrics.integration.IntegrationMetricsAutoConfiguration

    org.springframework.boot.actuate.autoconfigure.endpoint.EndpointAutoConfiguration

    org.springframework.boot.actuate.autoconfigure.web.server.ManagementContextAutoConfiguration

    org.springframework.boot.actuate.autoconfigure.health.HealthContributorAutoConfiguration

    org.springframework.boot.actuate.autoconfigure.endpoint.jackson.JacksonEndpointAutoConfiguration

    org.springframework.boot.autoconfigure.availability.ApplicationAvailabilityAutoConfiguration

    org.springframework.boot.autoconfigure.info.ProjectInfoAutoConfiguration



2024-05-22T14:37:33.364-03:00  INFO 10488 --- [petconnect] [           main] b.c.p.p.PetconnectApplicationTests       : Started PetconnectApplicationTests in 8.626 seconds (process running for 9.876)
2024-05-22T14:37:33.489-03:00 DEBUG 10488 --- [petconnect] [           main] o.s.b.a.ApplicationAvailabilityBean      : Application availability state LivenessState changed to CORRECT
2024-05-22T14:37:33.492-03:00 DEBUG 10488 --- [petconnect] [           main] o.s.boot.devtools.restart.Restarter      : Creating new Restarter for thread Thread[#1,main,5,main]
2024-05-22T14:37:33.493-03:00 DEBUG 10488 --- [petconnect] [           main] o.s.b.a.ApplicationAvailabilityBean      : Application availability state ReadinessState changed to ACCEPTING_TRAFFIC
2024-05-22T14:37:33.496-03:00 DEBUG 10488 --- [petconnect] [           main] org.springframework.test.context.cache   : Spring test ApplicationContext cache statistics: [DefaultContextCache@18b12df9 size = 1, maxSize = 32, parentContextCount = 0, hitCount = 0, missCount = 1, failureCount = 0]
2024-05-22T14:37:33.496-03:00 DEBUG 10488 --- [petconnect] [           main] o.s.t.c.w.ServletTestExecutionListener   : Setting up MockHttpServletRequest, MockHttpServletResponse, ServletWebRequest, and RequestContextHolder for test class br.com.project.petconnect.PetconnectApplicationTests
2024-05-22T14:37:33.514-03:00 DEBUG 10488 --- [petconnect] [           main] DependencyInjectionTestExecutionListener : Performing dependency injection for test class br.com.project.petconnect.PetconnectApplicationTests
2024-05-22T14:37:33.515-03:00 DEBUG 10488 --- [petconnect] [           main] org.springframework.test.context.cache   : Spring test ApplicationContext cache statistics: [DefaultContextCache@18b12df9 size = 1, maxSize = 32, parentContextCount = 0, hitCount = 1, missCount = 1, failureCount = 0]
2024-05-22T14:37:33.516-03:00 DEBUG 10488 --- [petconnect] [           main] org.springframework.test.context.cache   : Spring test ApplicationContext cache statistics: [DefaultContextCache@18b12df9 size = 1, maxSize = 32, parentContextCount = 0, hitCount = 2, missCount = 1, failureCount = 0]
2024-05-22T14:37:33.528-03:00 DEBUG 10488 --- [petconnect] [           main] sContextBeforeModesTestExecutionListener : Before test method: class [PetconnectApplicationTests], method [contextLoads], class annotated with @DirtiesContext [false] with mode [null], method annotated with @DirtiesContext [false] with mode [null]
2024-05-22T14:37:33.532-03:00 DEBUG 10488 --- [petconnect] [           main] org.springframework.test.context.cache   : Spring test ApplicationContext cache statistics: [DefaultContextCache@18b12df9 size = 1, maxSize = 32, parentContextCount = 0, hitCount = 3, missCount = 1, failureCount = 0]
2024-05-22T14:37:33.532-03:00 DEBUG 10488 --- [petconnect] [           main] org.springframework.test.context.cache   : Spring test ApplicationContext cache statistics: [DefaultContextCache@18b12df9 size = 1, maxSize = 32, parentContextCount = 0, hitCount = 4, missCount = 1, failureCount = 0]
2024-05-22T14:37:34.381-03:00 DEBUG 10488 --- [petconnect] [           main] org.springframework.test.context.cache   : Spring test ApplicationContext cache statistics: [DefaultContextCache@18b12df9 size = 1, maxSize = 32, parentContextCount = 0, hitCount = 5, missCount = 1, failureCount = 0]
2024-05-22T14:37:34.386-03:00 DEBUG 10488 --- [petconnect] [           main] org.springframework.test.context.cache   : Spring test ApplicationContext cache statistics: [DefaultContextCache@18b12df9 size = 1, maxSize = 32, parentContextCount = 0, hitCount = 6, missCount = 1, failureCount = 0]
2024-05-22T14:37:34.387-03:00 DEBUG 10488 --- [petconnect] [           main] org.springframework.test.context.cache   : Spring test ApplicationContext cache statistics: [DefaultContextCache@18b12df9 size = 1, maxSize = 32, parentContextCount = 0, hitCount = 7, missCount = 1, failureCount = 0]
2024-05-22T14:37:34.387-03:00 DEBUG 10488 --- [petconnect] [           main] org.springframework.test.context.cache   : Spring test ApplicationContext cache statistics: [DefaultContextCache@18b12df9 size = 1, maxSize = 32, parentContextCount = 0, hitCount = 8, missCount = 1, failureCount = 0]
2024-05-22T14:37:34.388-03:00 DEBUG 10488 --- [petconnect] [           main] org.springframework.test.context.cache   : Spring test ApplicationContext cache statistics: [DefaultContextCache@18b12df9 size = 1, maxSize = 32, parentContextCount = 0, hitCount = 9, missCount = 1, failureCount = 0]
2024-05-22T14:37:34.389-03:00 DEBUG 10488 --- [petconnect] [           main] org.springframework.test.context.cache   : Spring test ApplicationContext cache statistics: [DefaultContextCache@18b12df9 size = 1, maxSize = 32, parentContextCount = 0, hitCount = 10, missCount = 1, failureCount = 0]
2024-05-22T14:37:34.391-03:00 DEBUG 10488 --- [petconnect] [           main] org.springframework.test.context.cache   : Spring test ApplicationContext cache statistics: [DefaultContextCache@18b12df9 size = 1, maxSize = 32, parentContextCount = 0, hitCount = 11, missCount = 1, failureCount = 0]
2024-05-22T14:37:34.391-03:00 DEBUG 10488 --- [petconnect] [           main] org.springframework.test.context.cache   : Spring test ApplicationContext cache statistics: [DefaultContextCache@18b12df9 size = 1, maxSize = 32, parentContextCount = 0, hitCount = 12, missCount = 1, failureCount = 0]
2024-05-22T14:37:34.392-03:00 DEBUG 10488 --- [petconnect] [           main] .c.s.DirtiesContextTestExecutionListener : After test method: class [PetconnectApplicationTests], method [contextLoads], class annotated with @DirtiesContext [false] with mode [null], method annotated with @DirtiesContext [false] with mode [null]
2024-05-22T14:37:34.392-03:00 DEBUG 10488 --- [petconnect] [           main] o.s.t.c.w.ServletTestExecutionListener   : Resetting RequestContextHolder for test class br.com.project.petconnect.PetconnectApplicationTests
]]></system-out>
    <system-err><![CDATA[WARNING: A Java agent has been loaded dynamically (C:\Users\juliane.maran\.m2\repository\net\bytebuddy\byte-buddy-agent\1.14.13\byte-buddy-agent-1.14.13.jar)
WARNING: If a serviceability tool is in use, please run with -XX:+EnableDynamicAgentLoading to hide this warning
WARNING: If a serviceability tool is not in use, please run with -Djdk.instrument.traceUsage for more information
WARNING: Dynamic loading of agents will be disallowed by default in a future release
]]></system-err>
  </testcase>
</testsuite>